mode: set
contact-go/mocks/mock_handler.go:13.36,15.2 1 0
contact-go/mocks/mock_handler.go:19.61,26.2 4 0
contact-go/mocks/mock_handler.go:28.86,34.2 4 0
contact-go/mocks/mock_handler.go:36.95,42.2 4 0
contact-go/mocks/mock_handler.go:44.69,50.2 4 0
contact-go/mocks/mock_usecase.go:13.30,15.2 1 1
contact-go/mocks/mock_usecase.go:17.51,22.2 4 1
contact-go/mocks/mock_usecase.go:24.76,29.2 4 1
contact-go/mocks/mock_usecase.go:31.67,35.2 3 1
contact-go/mocks/mock_usecase.go:37.41,41.2 3 1
contact-go/config/config.go:21.27,24.16 3 0
contact-go/config/config.go:27.2,29.16 3 0
contact-go/config/config.go:33.2,33.16 1 0
contact-go/config/config.go:24.16,25.57 1 0
contact-go/config/config.go:29.16,30.57 1 0
contact-go/repository/repository_impl.go:16.65,20.2 1 0
contact-go/repository/repository_impl.go:22.63,31.16 7 0
contact-go/repository/repository_impl.go:37.2,38.18 2 0
contact-go/repository/repository_impl.go:43.2,43.18 1 0
contact-go/repository/repository_impl.go:31.16,35.3 3 0
contact-go/repository/repository_impl.go:38.18,41.3 2 0
contact-go/repository/repository_impl.go:47.88,56.16 6 0
contact-go/repository/repository_impl.go:61.2,62.16 2 0
contact-go/repository/repository_impl.go:67.2,69.24 2 0
contact-go/repository/repository_impl.go:93.2,95.22 2 0
contact-go/repository/repository_impl.go:56.16,59.3 2 0
contact-go/repository/repository_impl.go:62.16,65.3 2 0
contact-go/repository/repository_impl.go:69.24,72.17 2 0
contact-go/repository/repository_impl.go:78.3,79.17 2 0
contact-go/repository/repository_impl.go:84.3,90.5 2 0
contact-go/repository/repository_impl.go:72.17,76.4 3 0
contact-go/repository/repository_impl.go:79.17,82.4 2 0
contact-go/repository/repository_impl.go:99.79,106.16 5 0
contact-go/repository/repository_impl.go:111.2,112.16 2 0
contact-go/repository/repository_impl.go:117.2,118.16 2 0
contact-go/repository/repository_impl.go:124.2,126.12 2 0
contact-go/repository/repository_impl.go:106.16,109.3 2 0
contact-go/repository/repository_impl.go:112.16,115.3 2 0
contact-go/repository/repository_impl.go:118.16,122.3 3 0
contact-go/repository/repository_impl.go:130.53,137.16 5 0
contact-go/repository/repository_impl.go:142.2,142.12 1 0
contact-go/repository/repository_impl.go:137.16,140.3 2 0
contact-go/helper/helper.go:9.58,11.16 2 0
contact-go/helper/helper.go:14.2,14.17 1 0
contact-go/helper/helper.go:11.16,13.3 1 0
contact-go/helper/show_menu.go:5.21,14.2 8 0
contact-go/helper/clear_terminal.go:9.22,10.22 1 0
contact-go/helper/clear_terminal.go:11.15,14.12 3 0
contact-go/helper/clear_terminal.go:15.16,18.12 3 0
contact-go/helper/clear_terminal.go:19.17,22.12 3 0
contact-go/helper/clear_terminal.go:23.10,24.74 1 0
contact-go/db/contact.go:16.43,21.16 3 0
contact-go/db/contact.go:26.2,33.11 6 0
contact-go/db/contact.go:21.16,22.13 1 0
contact-go/db/contact.go:36.48,42.16 3 0
contact-go/db/contact.go:46.2,47.11 2 0
contact-go/db/contact.go:42.16,43.13 1 0
contact-go/db/contact.go:50.62,52.2 1 0
contact-go/repository/repository_gorm_impl.go:14.68,18.2 1 0
contact-go/repository/repository_gorm_impl.go:20.60,27.2 4 0
contact-go/repository/repository_gorm_impl.go:28.85,33.27 3 0
contact-go/repository/repository_gorm_impl.go:40.2,42.28 2 0
contact-go/repository/repository_gorm_impl.go:33.27,38.3 1 0
contact-go/repository/repository_gorm_impl.go:44.76,50.2 3 0
contact-go/repository/repository_gorm_impl.go:51.50,57.2 3 0
contact-go/handler/handler_impl.go:17.80,21.2 1 0
contact-go/handler/handler_impl.go:24.96,28.16 3 0
contact-go/handler/handler_impl.go:32.2,33.16 2 0
contact-go/handler/handler_impl.go:37.2,38.21 2 0
contact-go/handler/handler_impl.go:28.16,30.3 1 0
contact-go/handler/handler_impl.go:33.16,35.3 1 0
contact-go/handler/handler_impl.go:43.97,47.16 4 0
contact-go/handler/handler_impl.go:51.2,52.24 2 0
contact-go/handler/handler_impl.go:66.2,67.16 2 0
contact-go/handler/handler_impl.go:71.2,72.16 2 0
contact-go/handler/handler_impl.go:76.2,77.21 2 0
contact-go/handler/handler_impl.go:47.16,50.3 2 0
contact-go/handler/handler_impl.go:52.24,54.37 1 0
contact-go/handler/handler_impl.go:57.3,63.36 4 0
contact-go/handler/handler_impl.go:54.37,55.12 1 0
contact-go/handler/handler_impl.go:67.16,69.3 1 0
contact-go/handler/handler_impl.go:72.16,74.3 1 0
contact-go/handler/handler_impl.go:82.99,84.16 2 0
contact-go/handler/handler_impl.go:89.2,92.16 4 0
contact-go/handler/handler_impl.go:96.2,106.16 6 0
contact-go/handler/handler_impl.go:84.16,88.3 3 0
contact-go/handler/handler_impl.go:92.16,93.13 1 0
contact-go/handler/handler_impl.go:106.16,109.3 2 0
contact-go/handler/handler_impl.go:109.8,111.17 2 0
contact-go/handler/handler_impl.go:114.3,115.22 2 0
contact-go/handler/handler_impl.go:111.17,112.14 1 0
contact-go/handler/handler_impl.go:120.99,122.16 2 0
contact-go/handler/handler_impl.go:126.2,129.16 4 0
contact-go/handler/handler_impl.go:133.2,136.16 3 0
contact-go/handler/handler_impl.go:122.16,125.3 2 0
contact-go/handler/handler_impl.go:129.16,130.13 1 0
contact-go/handler/handler_impl.go:136.16,139.3 2 0
contact-go/handler/handler_impl.go:139.8,141.17 2 0
contact-go/handler/handler_impl.go:144.3,145.22 2 0
contact-go/handler/handler_impl.go:141.17,142.14 1 0
contact-go/main.go:12.13,15.21 2 0
contact-go/main.go:16.14,21.32 5 0
contact-go/main.go:22.10,27.32 5 0
contact-go/main.go:32.51,37.74 3 0
contact-go/main.go:49.2,55.16 3 0
contact-go/main.go:37.74,38.33 1 0
contact-go/main.go:38.33,40.4 1 0
contact-go/main.go:40.9,40.41 1 0
contact-go/main.go:40.41,42.4 1 0
contact-go/main.go:42.9,42.40 1 0
contact-go/main.go:42.40,44.4 1 0
contact-go/main.go:44.9,44.43 1 0
contact-go/main.go:44.43,46.4 1 0
contact-go/main.go:55.16,56.21 1 0
contact-go/usecase/usecase_impl.go:15.80,19.2 1 1
contact-go/usecase/usecase_impl.go:23.70,26.16 3 1
contact-go/usecase/usecase_impl.go:26.16,32.3 1 1
contact-go/usecase/usecase_impl.go:32.8,38.3 1 1
contact-go/usecase/usecase_impl.go:42.95,44.16 2 1
contact-go/usecase/usecase_impl.go:51.2,52.16 2 1
contact-go/usecase/usecase_impl.go:59.2,63.8 1 1
contact-go/usecase/usecase_impl.go:44.16,50.3 1 0
contact-go/usecase/usecase_impl.go:52.16,58.3 1 1
contact-go/usecase/usecase_impl.go:66.104,69.16 2 1
contact-go/usecase/usecase_impl.go:76.2,80.8 1 1
contact-go/usecase/usecase_impl.go:69.16,75.3 1 1
contact-go/usecase/usecase_impl.go:83.78,85.13 1 1
contact-go/usecase/usecase_impl.go:93.2,94.16 2 1
contact-go/usecase/usecase_impl.go:101.2,105.8 1 1
contact-go/usecase/usecase_impl.go:85.13,91.3 1 1
contact-go/usecase/usecase_impl.go:94.16,100.3 1 1
contact-go/handler/handler_impl.go:17.80,21.2 1 1
contact-go/handler/handler_impl.go:24.96,28.16 3 1
contact-go/handler/handler_impl.go:32.2,33.16 2 1
contact-go/handler/handler_impl.go:37.2,38.21 2 1
contact-go/handler/handler_impl.go:28.16,30.3 1 1
contact-go/handler/handler_impl.go:33.16,35.3 1 0
contact-go/handler/handler_impl.go:43.97,47.16 4 1
contact-go/handler/handler_impl.go:51.2,52.24 2 1
contact-go/handler/handler_impl.go:66.2,67.16 2 1
contact-go/handler/handler_impl.go:71.2,72.16 2 1
contact-go/handler/handler_impl.go:76.2,77.21 2 1
contact-go/handler/handler_impl.go:47.16,50.3 2 0
contact-go/handler/handler_impl.go:52.24,54.37 1 1
contact-go/handler/handler_impl.go:57.3,63.36 4 1
contact-go/handler/handler_impl.go:54.37,55.12 1 0
contact-go/handler/handler_impl.go:67.16,69.3 1 1
contact-go/handler/handler_impl.go:72.16,74.3 1 0
contact-go/handler/handler_impl.go:82.99,84.16 2 0
contact-go/handler/handler_impl.go:89.2,92.16 4 0
contact-go/handler/handler_impl.go:96.2,106.16 6 0
contact-go/handler/handler_impl.go:84.16,88.3 3 0
contact-go/handler/handler_impl.go:92.16,93.13 1 0
contact-go/handler/handler_impl.go:106.16,109.3 2 0
contact-go/handler/handler_impl.go:109.8,111.17 2 0
contact-go/handler/handler_impl.go:114.3,115.22 2 0
contact-go/handler/handler_impl.go:111.17,112.14 1 0
contact-go/handler/handler_impl.go:120.99,122.16 2 0
contact-go/handler/handler_impl.go:126.2,129.16 4 0
contact-go/handler/handler_impl.go:133.2,136.16 3 0
contact-go/handler/handler_impl.go:122.16,125.3 2 0
contact-go/handler/handler_impl.go:129.16,130.13 1 0
contact-go/handler/handler_impl.go:136.16,139.3 2 0
contact-go/handler/handler_impl.go:139.8,141.17 2 0
contact-go/handler/handler_impl.go:144.3,145.22 2 0
contact-go/handler/handler_impl.go:141.17,142.14 1 0
contact-go/main.go:12.13,15.21 2 0
contact-go/main.go:16.14,21.32 5 0
contact-go/main.go:22.10,27.32 5 0
contact-go/main.go:32.51,37.74 3 0
contact-go/main.go:49.2,55.16 3 0
contact-go/main.go:37.74,38.33 1 0
contact-go/main.go:38.33,40.4 1 0
contact-go/main.go:40.9,40.41 1 0
contact-go/main.go:40.41,42.4 1 0
contact-go/main.go:42.9,42.40 1 0
contact-go/main.go:42.40,44.4 1 0
contact-go/main.go:44.9,44.43 1 0
contact-go/main.go:44.43,46.4 1 0
contact-go/main.go:55.16,56.21 1 0
contact-go/mocks/mock_handler.go:13.36,15.2 1 1
contact-go/mocks/mock_handler.go:19.61,26.2 4 1
contact-go/mocks/mock_handler.go:28.86,34.2 4 1
contact-go/mocks/mock_handler.go:36.95,42.2 4 0
contact-go/mocks/mock_handler.go:44.69,50.2 4 0
contact-go/helper/helper.go:9.58,11.16 2 0
contact-go/helper/helper.go:14.2,14.17 1 0
contact-go/helper/helper.go:11.16,13.3 1 0
contact-go/db/contact.go:16.43,21.16 3 0
contact-go/db/contact.go:26.2,33.11 6 0
contact-go/db/contact.go:21.16,22.13 1 0
contact-go/db/contact.go:36.48,42.16 3 0
contact-go/db/contact.go:46.2,47.11 2 0
contact-go/db/contact.go:42.16,43.13 1 0
contact-go/db/contact.go:50.62,52.2 1 0
contact-go/repository/repository_gorm_impl.go:14.68,18.2 1 0
contact-go/repository/repository_gorm_impl.go:20.60,27.2 4 0
contact-go/repository/repository_gorm_impl.go:28.85,33.27 3 0
contact-go/repository/repository_gorm_impl.go:40.2,42.28 2 0
contact-go/repository/repository_gorm_impl.go:33.27,38.3 1 0
contact-go/repository/repository_gorm_impl.go:44.76,50.2 3 0
contact-go/repository/repository_gorm_impl.go:51.50,57.2 3 0
contact-go/repository/repository_impl.go:16.65,20.2 1 0
contact-go/repository/repository_impl.go:22.63,31.16 7 0
contact-go/repository/repository_impl.go:37.2,38.18 2 0
contact-go/repository/repository_impl.go:43.2,43.18 1 0
contact-go/repository/repository_impl.go:31.16,35.3 3 0
contact-go/repository/repository_impl.go:38.18,41.3 2 0
contact-go/repository/repository_impl.go:47.88,56.16 6 0
contact-go/repository/repository_impl.go:61.2,62.16 2 0
contact-go/repository/repository_impl.go:67.2,69.24 2 0
contact-go/repository/repository_impl.go:93.2,95.22 2 0
contact-go/repository/repository_impl.go:56.16,59.3 2 0
contact-go/repository/repository_impl.go:62.16,65.3 2 0
contact-go/repository/repository_impl.go:69.24,72.17 2 0
contact-go/repository/repository_impl.go:78.3,79.17 2 0
contact-go/repository/repository_impl.go:84.3,90.5 2 0
contact-go/repository/repository_impl.go:72.17,76.4 3 0
contact-go/repository/repository_impl.go:79.17,82.4 2 0
contact-go/repository/repository_impl.go:99.79,106.16 5 0
contact-go/repository/repository_impl.go:111.2,112.16 2 0
contact-go/repository/repository_impl.go:117.2,118.16 2 0
contact-go/repository/repository_impl.go:124.2,126.12 2 0
contact-go/repository/repository_impl.go:106.16,109.3 2 0
contact-go/repository/repository_impl.go:112.16,115.3 2 0
contact-go/repository/repository_impl.go:118.16,122.3 3 0
contact-go/repository/repository_impl.go:130.53,137.16 5 0
contact-go/repository/repository_impl.go:142.2,142.12 1 0
contact-go/repository/repository_impl.go:137.16,140.3 2 0
contact-go/mocks/mock_usecase.go:13.30,15.2 1 0
contact-go/mocks/mock_usecase.go:17.51,22.2 4 0
contact-go/mocks/mock_usecase.go:24.76,29.2 4 0
contact-go/mocks/mock_usecase.go:31.67,35.2 3 0
contact-go/mocks/mock_usecase.go:37.41,41.2 3 0
contact-go/helper/clear_terminal.go:9.22,10.22 1 0
contact-go/helper/clear_terminal.go:11.15,14.12 3 0
contact-go/helper/clear_terminal.go:15.16,18.12 3 0
contact-go/helper/clear_terminal.go:19.17,22.12 3 0
contact-go/helper/clear_terminal.go:23.10,24.74 1 0
contact-go/config/config.go:21.27,24.16 3 0
contact-go/config/config.go:27.2,29.16 3 0
contact-go/config/config.go:33.2,33.16 1 0
contact-go/config/config.go:24.16,25.57 1 0
contact-go/config/config.go:29.16,30.57 1 0
contact-go/usecase/usecase_impl.go:15.80,19.2 1 0
contact-go/usecase/usecase_impl.go:23.70,26.16 3 0
contact-go/usecase/usecase_impl.go:26.16,32.3 1 0
contact-go/usecase/usecase_impl.go:32.8,38.3 1 0
contact-go/usecase/usecase_impl.go:42.95,44.16 2 0
contact-go/usecase/usecase_impl.go:51.2,52.16 2 0
contact-go/usecase/usecase_impl.go:59.2,63.8 1 0
contact-go/usecase/usecase_impl.go:44.16,50.3 1 0
contact-go/usecase/usecase_impl.go:52.16,58.3 1 0
contact-go/usecase/usecase_impl.go:66.104,69.16 2 0
contact-go/usecase/usecase_impl.go:76.2,80.8 1 0
contact-go/usecase/usecase_impl.go:69.16,75.3 1 0
contact-go/usecase/usecase_impl.go:83.78,85.13 1 0
contact-go/usecase/usecase_impl.go:93.2,94.16 2 0
contact-go/usecase/usecase_impl.go:101.2,105.8 1 0
contact-go/usecase/usecase_impl.go:85.13,91.3 1 0
contact-go/usecase/usecase_impl.go:94.16,100.3 1 0
contact-go/helper/show_menu.go:5.21,14.2 8 0
contact-go/main.go:12.13,15.21 2 0
contact-go/main.go:16.14,21.32 5 0
contact-go/main.go:22.10,27.32 5 0
contact-go/main.go:32.51,37.74 3 0
contact-go/main.go:49.2,55.16 3 0
contact-go/main.go:37.74,38.33 1 0
contact-go/main.go:38.33,40.4 1 0
contact-go/main.go:40.9,40.41 1 0
contact-go/main.go:40.41,42.4 1 0
contact-go/main.go:42.9,42.40 1 0
contact-go/main.go:42.40,44.4 1 0
contact-go/main.go:44.9,44.43 1 0
contact-go/main.go:44.43,46.4 1 0
contact-go/main.go:55.16,56.21 1 0
contact-go/helper/helper.go:9.58,11.16 2 0
contact-go/helper/helper.go:14.2,14.17 1 0
contact-go/helper/helper.go:11.16,13.3 1 0
contact-go/repository/repository_impl.go:16.65,20.2 1 1
contact-go/repository/repository_impl.go:22.63,31.16 7 1
contact-go/repository/repository_impl.go:37.2,38.18 2 1
contact-go/repository/repository_impl.go:43.2,43.18 1 1
contact-go/repository/repository_impl.go:31.16,35.3 3 1
contact-go/repository/repository_impl.go:38.18,41.3 2 1
contact-go/repository/repository_impl.go:47.88,56.16 6 1
contact-go/repository/repository_impl.go:61.2,62.16 2 1
contact-go/repository/repository_impl.go:67.2,69.24 2 1
contact-go/repository/repository_impl.go:93.2,95.22 2 1
contact-go/repository/repository_impl.go:56.16,59.3 2 1
contact-go/repository/repository_impl.go:62.16,65.3 2 1
contact-go/repository/repository_impl.go:69.24,72.17 2 1
contact-go/repository/repository_impl.go:78.3,79.17 2 1
contact-go/repository/repository_impl.go:84.3,90.5 2 1
contact-go/repository/repository_impl.go:72.17,76.4 3 1
contact-go/repository/repository_impl.go:79.17,82.4 2 1
contact-go/repository/repository_impl.go:99.79,106.16 5 1
contact-go/repository/repository_impl.go:111.2,112.16 2 1
contact-go/repository/repository_impl.go:117.2,118.16 2 1
contact-go/repository/repository_impl.go:124.2,126.12 2 1
contact-go/repository/repository_impl.go:106.16,109.3 2 1
contact-go/repository/repository_impl.go:112.16,115.3 2 1
contact-go/repository/repository_impl.go:118.16,122.3 3 1
contact-go/repository/repository_impl.go:130.53,137.16 5 1
contact-go/repository/repository_impl.go:142.2,142.12 1 1
contact-go/repository/repository_impl.go:137.16,140.3 2 1
contact-go/helper/clear_terminal.go:9.22,10.22 1 0
contact-go/helper/clear_terminal.go:11.15,14.12 3 0
contact-go/helper/clear_terminal.go:15.16,18.12 3 0
contact-go/helper/clear_terminal.go:19.17,22.12 3 0
contact-go/helper/clear_terminal.go:23.10,24.74 1 0
contact-go/db/contact.go:16.43,21.16 3 0
contact-go/db/contact.go:26.2,33.11 6 0
contact-go/db/contact.go:21.16,22.13 1 0
contact-go/db/contact.go:36.48,42.16 3 0
contact-go/db/contact.go:46.2,47.11 2 0
contact-go/db/contact.go:42.16,43.13 1 0
contact-go/db/contact.go:50.62,52.2 1 1
contact-go/usecase/usecase_impl.go:15.80,19.2 1 0
contact-go/usecase/usecase_impl.go:23.70,26.16 3 0
contact-go/usecase/usecase_impl.go:26.16,32.3 1 0
contact-go/usecase/usecase_impl.go:32.8,38.3 1 0
contact-go/usecase/usecase_impl.go:42.95,44.16 2 0
contact-go/usecase/usecase_impl.go:51.2,52.16 2 0
contact-go/usecase/usecase_impl.go:59.2,63.8 1 0
contact-go/usecase/usecase_impl.go:44.16,50.3 1 0
contact-go/usecase/usecase_impl.go:52.16,58.3 1 0
contact-go/usecase/usecase_impl.go:66.104,69.16 2 0
contact-go/usecase/usecase_impl.go:76.2,80.8 1 0
contact-go/usecase/usecase_impl.go:69.16,75.3 1 0
contact-go/usecase/usecase_impl.go:83.78,85.13 1 0
contact-go/usecase/usecase_impl.go:93.2,94.16 2 0
contact-go/usecase/usecase_impl.go:101.2,105.8 1 0
contact-go/usecase/usecase_impl.go:85.13,91.3 1 0
contact-go/usecase/usecase_impl.go:94.16,100.3 1 0
contact-go/handler/handler_impl.go:17.80,21.2 1 0
contact-go/handler/handler_impl.go:24.96,28.16 3 0
contact-go/handler/handler_impl.go:32.2,33.16 2 0
contact-go/handler/handler_impl.go:37.2,38.21 2 0
contact-go/handler/handler_impl.go:28.16,30.3 1 0
contact-go/handler/handler_impl.go:33.16,35.3 1 0
contact-go/handler/handler_impl.go:43.97,47.16 4 0
contact-go/handler/handler_impl.go:51.2,52.24 2 0
contact-go/handler/handler_impl.go:66.2,67.16 2 0
contact-go/handler/handler_impl.go:71.2,72.16 2 0
contact-go/handler/handler_impl.go:76.2,77.21 2 0
contact-go/handler/handler_impl.go:47.16,50.3 2 0
contact-go/handler/handler_impl.go:52.24,54.37 1 0
contact-go/handler/handler_impl.go:57.3,63.36 4 0
contact-go/handler/handler_impl.go:54.37,55.12 1 0
contact-go/handler/handler_impl.go:67.16,69.3 1 0
contact-go/handler/handler_impl.go:72.16,74.3 1 0
contact-go/handler/handler_impl.go:82.99,84.16 2 0
contact-go/handler/handler_impl.go:89.2,92.16 4 0
contact-go/handler/handler_impl.go:96.2,106.16 6 0
contact-go/handler/handler_impl.go:84.16,88.3 3 0
contact-go/handler/handler_impl.go:92.16,93.13 1 0
contact-go/handler/handler_impl.go:106.16,109.3 2 0
contact-go/handler/handler_impl.go:109.8,111.17 2 0
contact-go/handler/handler_impl.go:114.3,115.22 2 0
contact-go/handler/handler_impl.go:111.17,112.14 1 0
contact-go/handler/handler_impl.go:120.99,122.16 2 0
contact-go/handler/handler_impl.go:126.2,129.16 4 0
contact-go/handler/handler_impl.go:133.2,136.16 3 0
contact-go/handler/handler_impl.go:122.16,125.3 2 0
contact-go/handler/handler_impl.go:129.16,130.13 1 0
contact-go/handler/handler_impl.go:136.16,139.3 2 0
contact-go/handler/handler_impl.go:139.8,141.17 2 0
contact-go/handler/handler_impl.go:144.3,145.22 2 0
contact-go/handler/handler_impl.go:141.17,142.14 1 0
contact-go/repository/repository_gorm_impl.go:14.68,18.2 1 0
contact-go/repository/repository_gorm_impl.go:20.60,27.2 4 0
contact-go/repository/repository_gorm_impl.go:28.85,33.27 3 0
contact-go/repository/repository_gorm_impl.go:40.2,42.28 2 0
contact-go/repository/repository_gorm_impl.go:33.27,38.3 1 0
contact-go/repository/repository_gorm_impl.go:44.76,50.2 3 0
contact-go/repository/repository_gorm_impl.go:51.50,57.2 3 0
contact-go/config/config.go:21.27,24.16 3 0
contact-go/config/config.go:27.2,29.16 3 0
contact-go/config/config.go:33.2,33.16 1 0
contact-go/config/config.go:24.16,25.57 1 0
contact-go/config/config.go:29.16,30.57 1 0
contact-go/mocks/mock_handler.go:13.36,15.2 1 0
contact-go/mocks/mock_handler.go:19.61,26.2 4 0
contact-go/mocks/mock_handler.go:28.86,34.2 4 0
contact-go/mocks/mock_handler.go:36.95,42.2 4 0
contact-go/mocks/mock_handler.go:44.69,50.2 4 0
contact-go/mocks/mock_usecase.go:13.30,15.2 1 0
contact-go/mocks/mock_usecase.go:17.51,22.2 4 0
contact-go/mocks/mock_usecase.go:24.76,29.2 4 0
contact-go/mocks/mock_usecase.go:31.67,35.2 3 0
contact-go/mocks/mock_usecase.go:37.41,41.2 3 0
contact-go/helper/show_menu.go:5.21,14.2 8 0
