mode: set
contact-go/usecase/contact_http_impl.go:15.69,19.2 1 0
contact-go/usecase/contact_http_impl.go:21.80,23.16 2 0
contact-go/usecase/contact_http_impl.go:30.2,30.13 1 0
contact-go/usecase/contact_http_impl.go:37.2,37.41 1 0
contact-go/usecase/contact_http_impl.go:23.16,29.3 1 0
contact-go/usecase/contact_http_impl.go:30.13,36.3 1 0
contact-go/usecase/contact_http_impl.go:40.100,41.16 1 0
contact-go/usecase/contact_http_impl.go:49.2,49.35 1 0
contact-go/usecase/contact_http_impl.go:56.2,56.37 1 0
contact-go/usecase/contact_http_impl.go:41.16,47.3 1 0
contact-go/usecase/contact_http_impl.go:49.35,55.3 1 0
contact-go/usecase/contact_http_impl.go:59.58,61.16 2 0
contact-go/usecase/contact_http_impl.go:68.2,72.8 1 0
contact-go/usecase/contact_http_impl.go:61.16,67.3 1 0
contact-go/usecase/contact_http_impl.go:75.83,76.24 1 0
contact-go/usecase/contact_http_impl.go:83.2,84.16 2 0
contact-go/usecase/contact_http_impl.go:91.2,95.8 1 0
contact-go/usecase/contact_http_impl.go:76.24,78.17 2 0
contact-go/usecase/contact_http_impl.go:78.17,80.4 1 0
contact-go/usecase/contact_http_impl.go:84.16,90.3 1 0
contact-go/usecase/contact_http_impl.go:98.98,100.16 2 0
contact-go/usecase/contact_http_impl.go:104.2,105.16 2 0
contact-go/usecase/contact_http_impl.go:109.2,110.16 2 0
contact-go/usecase/contact_http_impl.go:117.2,121.8 1 0
contact-go/usecase/contact_http_impl.go:100.16,102.3 1 0
contact-go/usecase/contact_http_impl.go:105.16,107.3 1 0
contact-go/usecase/contact_http_impl.go:110.16,116.3 1 0
contact-go/usecase/contact_http_impl.go:124.72,126.16 2 0
contact-go/usecase/contact_http_impl.go:130.2,131.16 2 0
contact-go/usecase/contact_http_impl.go:138.2,142.8 1 0
contact-go/usecase/contact_http_impl.go:126.16,128.3 1 0
contact-go/usecase/contact_http_impl.go:131.16,137.3 1 0
contact-go/mocks/contact_json_impl_repository_mock.go:12.38,14.2 1 0
contact-go/mocks/contact_json_impl_repository_mock.go:16.69,18.2 1 0
contact-go/mocks/contact_json_impl_repository_mock.go:20.67,24.2 3 0
contact-go/config/db.go:29.26,49.2 3 1
contact-go/helper/clearscreen.go:9.21,17.2 6 0
contact-go/main.go:15.13,17.16 2 0
contact-go/main.go:21.2,21.24 1 0
contact-go/main.go:17.16,18.13 1 0
contact-go/main.go:22.14,25.37 3 0
contact-go/main.go:26.15,31.38 5 0
contact-go/main.go:32.10,35.23 3 0
contact-go/main.go:39.96,41.74 2 0
contact-go/main.go:53.2,60.16 4 0
contact-go/main.go:41.74,42.33 1 0
contact-go/main.go:42.33,44.4 1 0
contact-go/main.go:44.9,44.41 1 0
contact-go/main.go:44.41,46.4 1 0
contact-go/main.go:46.9,46.42 1 0
contact-go/main.go:46.42,48.4 1 0
contact-go/main.go:48.9,48.43 1 0
contact-go/main.go:48.43,50.4 1 0
contact-go/main.go:60.16,61.21 1 0
contact-go/main.go:65.96,67.74 2 0
contact-go/main.go:79.2,86.16 4 0
contact-go/main.go:67.74,68.33 1 0
contact-go/main.go:68.33,70.4 1 0
contact-go/main.go:70.9,70.41 1 0
contact-go/main.go:70.41,72.4 1 0
contact-go/main.go:72.9,72.42 1 0
contact-go/main.go:72.42,74.4 1 0
contact-go/main.go:74.9,74.43 1 0
contact-go/main.go:74.43,76.4 1 0
contact-go/main.go:86.16,87.21 1 0
contact-go/main.go:92.59,104.16 10 0
contact-go/main.go:105.9,108.23 3 0
contact-go/main.go:109.9,113.23 4 0
contact-go/main.go:114.9,120.23 6 0
contact-go/main.go:121.9,127.23 6 0
contact-go/main.go:128.9,129.13 1 0
contact-go/db/client.go:22.40,26.2 1 0
contact-go/db/client.go:33.57,34.29 1 0
contact-go/db/client.go:39.2,40.16 2 0
contact-go/db/client.go:44.2,51.8 6 0
contact-go/db/client.go:34.29,37.3 1 0
contact-go/db/client.go:40.16,41.13 1 0
contact-go/repository/contact_http_json_impl.go:13.46,15.2 1 0
contact-go/repository/contact_http_json_impl.go:17.62,19.16 2 0
contact-go/repository/contact_http_json_impl.go:23.2,23.20 1 0
contact-go/repository/contact_http_json_impl.go:33.2,33.8 1 0
contact-go/repository/contact_http_json_impl.go:19.16,21.3 1 0
contact-go/repository/contact_http_json_impl.go:23.20,25.3 1 0
contact-go/repository/contact_http_json_impl.go:25.8,26.26 1 0
contact-go/repository/contact_http_json_impl.go:26.26,27.26 1 0
contact-go/repository/contact_http_json_impl.go:27.26,29.5 1 0
contact-go/repository/contact_http_json_impl.go:36.91,38.16 2 0
contact-go/repository/contact_http_json_impl.go:42.2,42.25 1 0
contact-go/repository/contact_http_json_impl.go:49.2,49.56 1 0
contact-go/repository/contact_http_json_impl.go:38.16,40.3 1 0
contact-go/repository/contact_http_json_impl.go:42.25,43.17 1 0
contact-go/repository/contact_http_json_impl.go:43.17,47.4 3 0
contact-go/repository/contact_http_json_impl.go:52.71,55.16 2 0
contact-go/repository/contact_http_json_impl.go:58.2,60.8 3 0
contact-go/repository/contact_http_json_impl.go:55.16,57.3 1 0
contact-go/repository/contact_http_json_impl.go:63.69,66.16 2 0
contact-go/repository/contact_http_json_impl.go:69.2,72.8 3 0
contact-go/repository/contact_http_json_impl.go:66.16,68.3 1 0
contact-go/repository/contact_http_json_impl.go:75.94,78.16 2 0
contact-go/repository/contact_http_json_impl.go:82.2,83.16 2 0
contact-go/repository/contact_http_json_impl.go:87.2,87.24 1 0
contact-go/repository/contact_http_json_impl.go:97.2,98.16 2 0
contact-go/repository/contact_http_json_impl.go:101.2,101.8 1 0
contact-go/repository/contact_http_json_impl.go:78.16,80.3 1 0
contact-go/repository/contact_http_json_impl.go:83.16,85.3 1 0
contact-go/repository/contact_http_json_impl.go:87.24,95.3 3 0
contact-go/repository/contact_http_json_impl.go:98.16,100.3 1 0
contact-go/repository/contact_http_json_impl.go:104.79,106.16 2 0
contact-go/repository/contact_http_json_impl.go:110.2,111.16 2 0
contact-go/repository/contact_http_json_impl.go:115.2,115.20 1 0
contact-go/repository/contact_http_json_impl.go:119.2,119.22 1 0
contact-go/repository/contact_http_json_impl.go:123.2,130.16 3 0
contact-go/repository/contact_http_json_impl.go:133.2,133.8 1 0
contact-go/repository/contact_http_json_impl.go:106.16,108.3 1 0
contact-go/repository/contact_http_json_impl.go:111.16,113.3 1 0
contact-go/repository/contact_http_json_impl.go:115.20,117.3 1 0
contact-go/repository/contact_http_json_impl.go:119.22,121.3 1 0
contact-go/repository/contact_http_json_impl.go:130.16,132.3 1 0
contact-go/repository/contact_http_json_impl.go:136.53,138.16 2 0
contact-go/repository/contact_http_json_impl.go:142.2,143.16 2 0
contact-go/repository/contact_http_json_impl.go:147.2,151.16 4 0
contact-go/repository/contact_http_json_impl.go:154.2,154.8 1 0
contact-go/repository/contact_http_json_impl.go:138.16,140.3 1 0
contact-go/repository/contact_http_json_impl.go:143.16,145.3 1 0
contact-go/repository/contact_http_json_impl.go:151.16,153.3 1 0
contact-go/repository/contact_impl.go:11.42,13.2 1 0
contact-go/repository/contact_impl.go:15.61,18.20 2 0
contact-go/repository/contact_impl.go:27.2,27.8 1 0
contact-go/repository/contact_impl.go:18.20,20.3 1 0
contact-go/repository/contact_impl.go:20.8,21.26 1 0
contact-go/repository/contact_impl.go:21.26,22.26 1 0
contact-go/repository/contact_impl.go:22.26,24.5 1 0
contact-go/repository/contact_impl.go:30.90,31.39 1 0
contact-go/repository/contact_impl.go:38.2,38.56 1 0
contact-go/repository/contact_impl.go:31.39,32.17 1 0
contact-go/repository/contact_impl.go:32.17,36.4 3 0
contact-go/repository/contact_impl.go:41.57,43.2 1 0
contact-go/repository/contact_impl.go:45.93,47.16 2 0
contact-go/repository/contact_impl.go:51.2,51.24 1 0
contact-go/repository/contact_impl.go:61.2,61.8 1 0
contact-go/repository/contact_impl.go:47.16,49.3 1 0
contact-go/repository/contact_impl.go:51.24,60.3 3 0
contact-go/repository/contact_impl.go:64.78,66.16 2 0
contact-go/repository/contact_impl.go:70.2,70.20 1 0
contact-go/repository/contact_impl.go:74.2,74.22 1 0
contact-go/repository/contact_impl.go:78.2,84.8 2 0
contact-go/repository/contact_impl.go:66.16,68.3 1 0
contact-go/repository/contact_impl.go:70.20,72.3 1 0
contact-go/repository/contact_impl.go:74.22,76.3 1 0
contact-go/repository/contact_impl.go:87.52,89.16 2 0
contact-go/repository/contact_impl.go:93.2,95.8 3 0
contact-go/repository/contact_impl.go:89.16,91.3 1 0
contact-go/handler/contact_http_db_impl.go:15.85,19.2 1 0
contact-go/handler/contact_http_db_impl.go:28.83,30.16 2 0
contact-go/handler/contact_http_db_impl.go:34.2,35.16 2 0
contact-go/handler/contact_http_db_impl.go:38.2,39.19 2 0
contact-go/handler/contact_http_db_impl.go:30.16,32.3 1 0
contact-go/handler/contact_http_db_impl.go:35.16,37.3 1 0
contact-go/handler/contact_http_db_impl.go:42.82,46.16 3 0
contact-go/handler/contact_http_db_impl.go:71.2,72.16 2 0
contact-go/handler/contact_http_db_impl.go:76.2,77.16 2 0
contact-go/handler/contact_http_db_impl.go:80.2,81.19 2 0
contact-go/handler/contact_http_db_impl.go:46.16,49.3 2 0
contact-go/handler/contact_http_db_impl.go:72.16,74.3 1 0
contact-go/handler/contact_http_db_impl.go:77.16,79.3 1 0
contact-go/handler/contact_http_db_impl.go:84.85,89.16 4 0
contact-go/handler/contact_http_db_impl.go:115.2,116.16 2 0
contact-go/handler/contact_http_db_impl.go:120.2,121.16 2 0
contact-go/handler/contact_http_db_impl.go:125.2,126.19 2 0
contact-go/handler/contact_http_db_impl.go:89.16,93.3 3 0
contact-go/handler/contact_http_db_impl.go:116.16,118.3 1 0
contact-go/handler/contact_http_db_impl.go:121.16,123.3 1 0
contact-go/handler/contact_http_db_impl.go:129.85,133.16 4 0
contact-go/handler/contact_http_db_impl.go:137.2,138.16 2 0
contact-go/handler/contact_http_db_impl.go:142.2,143.19 2 0
contact-go/handler/contact_http_db_impl.go:133.16,135.3 1 0
contact-go/handler/contact_http_db_impl.go:138.16,140.3 1 0
contact-go/handler/contact_impl.go:14.84,18.2 1 0
contact-go/handler/contact_impl.go:20.39,23.16 3 0
contact-go/handler/contact_impl.go:27.2,27.29 1 0
contact-go/handler/contact_impl.go:23.16,25.3 1 0
contact-go/handler/contact_impl.go:27.29,28.22 1 0
contact-go/handler/contact_impl.go:28.22,30.4 1 0
contact-go/handler/contact_impl.go:30.9,32.4 1 0
contact-go/handler/contact_impl.go:36.38,52.16 10 0
contact-go/handler/contact_impl.go:56.2,56.28 1 0
contact-go/handler/contact_impl.go:52.16,54.3 1 0
contact-go/handler/contact_impl.go:56.28,58.3 1 0
contact-go/handler/contact_impl.go:61.41,82.16 13 0
contact-go/handler/contact_impl.go:86.2,86.48 1 0
contact-go/handler/contact_impl.go:82.16,84.3 1 0
contact-go/handler/contact_impl.go:89.41,96.16 6 0
contact-go/handler/contact_impl.go:100.2,100.48 1 0
contact-go/handler/contact_impl.go:96.16,98.3 1 0
contact-go/repository/contact_http_db_impl.go:15.60,19.2 1 0
contact-go/repository/contact_http_db_impl.go:21.69,28.16 5 0
contact-go/repository/contact_http_db_impl.go:34.2,36.16 3 0
contact-go/repository/contact_http_db_impl.go:41.2,42.16 2 0
contact-go/repository/contact_http_db_impl.go:48.2,48.17 1 0
contact-go/repository/contact_http_db_impl.go:54.2,55.8 2 0
contact-go/repository/contact_http_db_impl.go:28.16,31.3 2 0
contact-go/repository/contact_http_db_impl.go:36.16,39.3 2 0
contact-go/repository/contact_http_db_impl.go:42.16,46.3 3 0
contact-go/repository/contact_http_db_impl.go:48.17,52.3 3 0
contact-go/repository/contact_http_db_impl.go:58.94,66.16 6 0
contact-go/repository/contact_http_db_impl.go:70.2,71.16 2 0
contact-go/repository/contact_http_db_impl.go:75.2,75.24 1 0
contact-go/repository/contact_http_db_impl.go:94.2,96.8 2 0
contact-go/repository/contact_http_db_impl.go:66.16,68.3 1 0
contact-go/repository/contact_http_db_impl.go:71.16,73.3 1 0
contact-go/repository/contact_http_db_impl.go:75.24,77.17 2 0
contact-go/repository/contact_http_db_impl.go:82.3,83.17 2 0
contact-go/repository/contact_http_db_impl.go:87.3,91.5 1 0
contact-go/repository/contact_http_db_impl.go:77.17,80.4 2 0
contact-go/repository/contact_http_db_impl.go:83.17,85.4 1 0
contact-go/repository/contact_http_db_impl.go:99.79,106.16 5 0
contact-go/repository/contact_http_db_impl.go:110.2,112.16 3 0
contact-go/repository/contact_http_db_impl.go:116.2,117.16 2 0
contact-go/repository/contact_http_db_impl.go:122.2,124.8 2 0
contact-go/repository/contact_http_db_impl.go:106.16,108.3 1 0
contact-go/repository/contact_http_db_impl.go:112.16,114.3 1 0
contact-go/repository/contact_http_db_impl.go:117.16,120.3 2 0
contact-go/repository/contact_http_db_impl.go:127.53,134.16 5 0
contact-go/repository/contact_http_db_impl.go:138.2,140.16 3 0
contact-go/repository/contact_http_db_impl.go:144.2,145.16 2 0
contact-go/repository/contact_http_db_impl.go:149.2,150.16 2 0
contact-go/repository/contact_http_db_impl.go:154.2,156.8 2 0
contact-go/repository/contact_http_db_impl.go:134.16,136.3 1 0
contact-go/repository/contact_http_db_impl.go:140.16,142.3 1 0
contact-go/repository/contact_http_db_impl.go:145.16,147.3 1 0
contact-go/repository/contact_http_db_impl.go:150.16,152.3 1 0
contact-go/mocks/contact_http_impl_usecase_mock.go:12.36,14.2 1 0
contact-go/mocks/contact_http_impl_usecase_mock.go:16.61,21.2 4 0
contact-go/mocks/contact_http_impl_usecase_mock.go:23.86,28.2 4 0
contact-go/mocks/contact_http_impl_usecase_mock.go:30.101,35.2 4 0
contact-go/mocks/contact_http_impl_usecase_mock.go:37.75,42.2 4 0
contact-go/handler/contact_http_json_impl.go:16.105,20.2 1 0
contact-go/handler/contact_http_json_impl.go:29.85,31.16 2 0
contact-go/handler/contact_http_json_impl.go:35.2,36.16 2 0
contact-go/handler/contact_http_json_impl.go:39.2,40.19 2 0
contact-go/handler/contact_http_json_impl.go:31.16,33.3 1 0
contact-go/handler/contact_http_json_impl.go:36.16,38.3 1 0
contact-go/handler/contact_http_json_impl.go:43.84,47.16 3 0
contact-go/handler/contact_http_json_impl.go:52.2,52.24 1 0
contact-go/handler/contact_http_json_impl.go:79.2,80.16 2 0
contact-go/handler/contact_http_json_impl.go:84.2,85.16 2 0
contact-go/handler/contact_http_json_impl.go:89.2,90.19 2 0
contact-go/handler/contact_http_json_impl.go:47.16,50.3 2 0
contact-go/handler/contact_http_json_impl.go:52.24,53.37 1 0
contact-go/handler/contact_http_json_impl.go:53.37,56.4 2 0
contact-go/handler/contact_http_json_impl.go:80.16,82.3 1 0
contact-go/handler/contact_http_json_impl.go:85.16,86.13 1 0
contact-go/handler/contact_http_json_impl.go:93.87,96.16 3 0
contact-go/handler/contact_http_json_impl.go:102.2,104.16 3 0
contact-go/handler/contact_http_json_impl.go:109.2,109.40 1 0
contact-go/handler/contact_http_json_impl.go:134.2,135.16 2 0
contact-go/handler/contact_http_json_impl.go:139.2,139.30 1 0
contact-go/handler/contact_http_json_impl.go:96.16,99.3 2 0
contact-go/handler/contact_http_json_impl.go:104.16,107.3 2 0
contact-go/handler/contact_http_json_impl.go:109.40,112.3 2 0
contact-go/handler/contact_http_json_impl.go:135.16,137.3 1 0
contact-go/handler/contact_http_json_impl.go:142.87,145.16 3 0
contact-go/handler/contact_http_json_impl.go:150.2,151.16 2 0
contact-go/handler/contact_http_json_impl.go:145.16,148.3 2 0
contact-go/handler/contact_http_json_impl.go:151.16,154.3 2 0
contact-go/mocks/contact_http_impl_repository_mock.go:12.30,14.2 1 0
contact-go/mocks/contact_http_impl_repository_mock.go:16.63,21.2 4 0
contact-go/mocks/contact_http_impl_repository_mock.go:23.88,28.2 4 0
contact-go/mocks/contact_http_impl_repository_mock.go:30.73,33.23 3 0
contact-go/mocks/contact_http_impl_repository_mock.go:36.2,36.13 1 0
contact-go/mocks/contact_http_impl_repository_mock.go:33.23,35.3 1 0
contact-go/mocks/contact_http_impl_repository_mock.go:39.47,42.23 3 0
contact-go/mocks/contact_http_impl_repository_mock.go:45.2,45.13 1 0
contact-go/mocks/contact_http_impl_repository_mock.go:42.23,44.3 1 0
contact-go/config/config.go:15.36,20.16 3 0
contact-go/config/config.go:29.2,31.16 3 0
contact-go/config/config.go:35.2,35.21 1 0
contact-go/config/config.go:20.16,22.9 2 0
contact-go/config/config.go:25.3,25.60 1 0
contact-go/config/config.go:22.9,24.4 1 0
contact-go/config/config.go:31.16,33.3 1 0
contact-go/repository/contact_http_json_impl.go:13.46,15.2 1 0
contact-go/repository/contact_http_json_impl.go:17.62,19.16 2 0
contact-go/repository/contact_http_json_impl.go:23.2,23.20 1 0
contact-go/repository/contact_http_json_impl.go:33.2,33.8 1 0
contact-go/repository/contact_http_json_impl.go:19.16,21.3 1 0
contact-go/repository/contact_http_json_impl.go:23.20,25.3 1 0
contact-go/repository/contact_http_json_impl.go:25.8,26.26 1 0
contact-go/repository/contact_http_json_impl.go:26.26,27.26 1 0
contact-go/repository/contact_http_json_impl.go:27.26,29.5 1 0
contact-go/repository/contact_http_json_impl.go:36.91,38.16 2 0
contact-go/repository/contact_http_json_impl.go:42.2,42.25 1 0
contact-go/repository/contact_http_json_impl.go:49.2,49.56 1 0
contact-go/repository/contact_http_json_impl.go:38.16,40.3 1 0
contact-go/repository/contact_http_json_impl.go:42.25,43.17 1 0
contact-go/repository/contact_http_json_impl.go:43.17,47.4 3 0
contact-go/repository/contact_http_json_impl.go:52.71,55.16 2 0
contact-go/repository/contact_http_json_impl.go:58.2,60.8 3 0
contact-go/repository/contact_http_json_impl.go:55.16,57.3 1 0
contact-go/repository/contact_http_json_impl.go:63.69,66.16 2 0
contact-go/repository/contact_http_json_impl.go:69.2,72.8 3 0
contact-go/repository/contact_http_json_impl.go:66.16,68.3 1 0
contact-go/repository/contact_http_json_impl.go:75.94,78.16 2 0
contact-go/repository/contact_http_json_impl.go:82.2,83.16 2 0
contact-go/repository/contact_http_json_impl.go:87.2,87.24 1 0
contact-go/repository/contact_http_json_impl.go:97.2,98.16 2 0
contact-go/repository/contact_http_json_impl.go:101.2,101.8 1 0
contact-go/repository/contact_http_json_impl.go:78.16,80.3 1 0
contact-go/repository/contact_http_json_impl.go:83.16,85.3 1 0
contact-go/repository/contact_http_json_impl.go:87.24,95.3 3 0
contact-go/repository/contact_http_json_impl.go:98.16,100.3 1 0
contact-go/repository/contact_http_json_impl.go:104.79,106.16 2 0
contact-go/repository/contact_http_json_impl.go:110.2,111.16 2 0
contact-go/repository/contact_http_json_impl.go:115.2,115.20 1 0
contact-go/repository/contact_http_json_impl.go:119.2,119.22 1 0
contact-go/repository/contact_http_json_impl.go:123.2,130.16 3 0
contact-go/repository/contact_http_json_impl.go:133.2,133.8 1 0
contact-go/repository/contact_http_json_impl.go:106.16,108.3 1 0
contact-go/repository/contact_http_json_impl.go:111.16,113.3 1 0
contact-go/repository/contact_http_json_impl.go:115.20,117.3 1 0
contact-go/repository/contact_http_json_impl.go:119.22,121.3 1 0
contact-go/repository/contact_http_json_impl.go:130.16,132.3 1 0
contact-go/repository/contact_http_json_impl.go:136.53,138.16 2 0
contact-go/repository/contact_http_json_impl.go:142.2,143.16 2 0
contact-go/repository/contact_http_json_impl.go:147.2,151.16 4 0
contact-go/repository/contact_http_json_impl.go:154.2,154.8 1 0
contact-go/repository/contact_http_json_impl.go:138.16,140.3 1 0
contact-go/repository/contact_http_json_impl.go:143.16,145.3 1 0
contact-go/repository/contact_http_json_impl.go:151.16,153.3 1 0
contact-go/helper/clearscreen.go:9.21,17.2 6 0
contact-go/main.go:15.13,17.16 2 0
contact-go/main.go:21.2,21.24 1 0
contact-go/main.go:17.16,18.13 1 0
contact-go/main.go:22.14,25.37 3 0
contact-go/main.go:26.15,31.38 5 0
contact-go/main.go:32.10,35.23 3 0
contact-go/main.go:39.96,41.74 2 0
contact-go/main.go:53.2,60.16 4 0
contact-go/main.go:41.74,42.33 1 0
contact-go/main.go:42.33,44.4 1 0
contact-go/main.go:44.9,44.41 1 0
contact-go/main.go:44.41,46.4 1 0
contact-go/main.go:46.9,46.42 1 0
contact-go/main.go:46.42,48.4 1 0
contact-go/main.go:48.9,48.43 1 0
contact-go/main.go:48.43,50.4 1 0
contact-go/main.go:60.16,61.21 1 0
contact-go/main.go:65.96,67.74 2 0
contact-go/main.go:79.2,86.16 4 0
contact-go/main.go:67.74,68.33 1 0
contact-go/main.go:68.33,70.4 1 0
contact-go/main.go:70.9,70.41 1 0
contact-go/main.go:70.41,72.4 1 0
contact-go/main.go:72.9,72.42 1 0
contact-go/main.go:72.42,74.4 1 0
contact-go/main.go:74.9,74.43 1 0
contact-go/main.go:74.43,76.4 1 0
contact-go/main.go:86.16,87.21 1 0
contact-go/main.go:92.59,104.16 10 0
contact-go/main.go:105.9,108.23 3 0
contact-go/main.go:109.9,113.23 4 0
contact-go/main.go:114.9,120.23 6 0
contact-go/main.go:121.9,127.23 6 0
contact-go/main.go:128.9,129.13 1 0
contact-go/config/config.go:15.36,20.16 3 0
contact-go/config/config.go:29.2,31.16 3 0
contact-go/config/config.go:35.2,35.21 1 0
contact-go/config/config.go:20.16,22.9 2 0
contact-go/config/config.go:25.3,25.60 1 0
contact-go/config/config.go:22.9,24.4 1 0
contact-go/config/config.go:31.16,33.3 1 0
contact-go/repository/contact_http_db_impl.go:15.60,19.2 1 0
contact-go/repository/contact_http_db_impl.go:21.69,28.16 5 0
contact-go/repository/contact_http_db_impl.go:34.2,36.16 3 0
contact-go/repository/contact_http_db_impl.go:41.2,42.16 2 0
contact-go/repository/contact_http_db_impl.go:48.2,48.17 1 0
contact-go/repository/contact_http_db_impl.go:54.2,55.8 2 0
contact-go/repository/contact_http_db_impl.go:28.16,31.3 2 0
contact-go/repository/contact_http_db_impl.go:36.16,39.3 2 0
contact-go/repository/contact_http_db_impl.go:42.16,46.3 3 0
contact-go/repository/contact_http_db_impl.go:48.17,52.3 3 0
contact-go/repository/contact_http_db_impl.go:58.94,66.16 6 0
contact-go/repository/contact_http_db_impl.go:70.2,71.16 2 0
contact-go/repository/contact_http_db_impl.go:75.2,75.24 1 0
contact-go/repository/contact_http_db_impl.go:94.2,96.8 2 0
contact-go/repository/contact_http_db_impl.go:66.16,68.3 1 0
contact-go/repository/contact_http_db_impl.go:71.16,73.3 1 0
contact-go/repository/contact_http_db_impl.go:75.24,77.17 2 0
contact-go/repository/contact_http_db_impl.go:82.3,83.17 2 0
contact-go/repository/contact_http_db_impl.go:87.3,91.5 1 0
contact-go/repository/contact_http_db_impl.go:77.17,80.4 2 0
contact-go/repository/contact_http_db_impl.go:83.17,85.4 1 0
contact-go/repository/contact_http_db_impl.go:99.79,106.16 5 0
contact-go/repository/contact_http_db_impl.go:110.2,112.16 3 0
contact-go/repository/contact_http_db_impl.go:116.2,117.16 2 0
contact-go/repository/contact_http_db_impl.go:122.2,124.8 2 0
contact-go/repository/contact_http_db_impl.go:106.16,108.3 1 0
contact-go/repository/contact_http_db_impl.go:112.16,114.3 1 0
contact-go/repository/contact_http_db_impl.go:117.16,120.3 2 0
contact-go/repository/contact_http_db_impl.go:127.53,134.16 5 0
contact-go/repository/contact_http_db_impl.go:138.2,140.16 3 0
contact-go/repository/contact_http_db_impl.go:144.2,145.16 2 0
contact-go/repository/contact_http_db_impl.go:149.2,150.16 2 0
contact-go/repository/contact_http_db_impl.go:154.2,156.8 2 0
contact-go/repository/contact_http_db_impl.go:134.16,136.3 1 0
contact-go/repository/contact_http_db_impl.go:140.16,142.3 1 0
contact-go/repository/contact_http_db_impl.go:145.16,147.3 1 0
contact-go/repository/contact_http_db_impl.go:150.16,152.3 1 0
contact-go/usecase/contact_http_impl.go:15.69,19.2 1 0
contact-go/usecase/contact_http_impl.go:21.80,23.16 2 0
contact-go/usecase/contact_http_impl.go:30.2,30.13 1 0
contact-go/usecase/contact_http_impl.go:37.2,37.41 1 0
contact-go/usecase/contact_http_impl.go:23.16,29.3 1 0
contact-go/usecase/contact_http_impl.go:30.13,36.3 1 0
contact-go/usecase/contact_http_impl.go:40.100,41.16 1 0
contact-go/usecase/contact_http_impl.go:49.2,49.35 1 0
contact-go/usecase/contact_http_impl.go:56.2,56.37 1 0
contact-go/usecase/contact_http_impl.go:41.16,47.3 1 0
contact-go/usecase/contact_http_impl.go:49.35,55.3 1 0
contact-go/usecase/contact_http_impl.go:59.58,61.16 2 0
contact-go/usecase/contact_http_impl.go:68.2,72.8 1 0
contact-go/usecase/contact_http_impl.go:61.16,67.3 1 0
contact-go/usecase/contact_http_impl.go:75.83,76.24 1 0
contact-go/usecase/contact_http_impl.go:83.2,84.16 2 0
contact-go/usecase/contact_http_impl.go:91.2,95.8 1 0
contact-go/usecase/contact_http_impl.go:76.24,78.17 2 0
contact-go/usecase/contact_http_impl.go:78.17,80.4 1 0
contact-go/usecase/contact_http_impl.go:84.16,90.3 1 0
contact-go/usecase/contact_http_impl.go:98.98,100.16 2 0
contact-go/usecase/contact_http_impl.go:104.2,105.16 2 0
contact-go/usecase/contact_http_impl.go:109.2,110.16 2 0
contact-go/usecase/contact_http_impl.go:117.2,121.8 1 0
contact-go/usecase/contact_http_impl.go:100.16,102.3 1 0
contact-go/usecase/contact_http_impl.go:105.16,107.3 1 0
contact-go/usecase/contact_http_impl.go:110.16,116.3 1 0
contact-go/usecase/contact_http_impl.go:124.72,126.16 2 0
contact-go/usecase/contact_http_impl.go:130.2,131.16 2 0
contact-go/usecase/contact_http_impl.go:138.2,142.8 1 0
contact-go/usecase/contact_http_impl.go:126.16,128.3 1 0
contact-go/usecase/contact_http_impl.go:131.16,137.3 1 0
contact-go/mocks/contact_json_impl_repository_mock.go:12.38,14.2 1 0
contact-go/mocks/contact_json_impl_repository_mock.go:16.69,18.2 1 0
contact-go/mocks/contact_json_impl_repository_mock.go:20.67,24.2 3 0
contact-go/handler/contact_http_json_impl.go:16.105,20.2 1 0
contact-go/handler/contact_http_json_impl.go:29.85,31.16 2 0
contact-go/handler/contact_http_json_impl.go:35.2,36.16 2 0
contact-go/handler/contact_http_json_impl.go:39.2,40.19 2 0
contact-go/handler/contact_http_json_impl.go:31.16,33.3 1 0
contact-go/handler/contact_http_json_impl.go:36.16,38.3 1 0
contact-go/handler/contact_http_json_impl.go:43.84,47.16 3 0
contact-go/handler/contact_http_json_impl.go:52.2,52.24 1 0
contact-go/handler/contact_http_json_impl.go:79.2,80.16 2 0
contact-go/handler/contact_http_json_impl.go:84.2,85.16 2 0
contact-go/handler/contact_http_json_impl.go:89.2,90.19 2 0
contact-go/handler/contact_http_json_impl.go:47.16,50.3 2 0
contact-go/handler/contact_http_json_impl.go:52.24,53.37 1 0
contact-go/handler/contact_http_json_impl.go:53.37,56.4 2 0
contact-go/handler/contact_http_json_impl.go:80.16,82.3 1 0
contact-go/handler/contact_http_json_impl.go:85.16,86.13 1 0
contact-go/handler/contact_http_json_impl.go:93.87,96.16 3 0
contact-go/handler/contact_http_json_impl.go:102.2,104.16 3 0
contact-go/handler/contact_http_json_impl.go:109.2,109.40 1 0
contact-go/handler/contact_http_json_impl.go:134.2,135.16 2 0
contact-go/handler/contact_http_json_impl.go:139.2,139.30 1 0
contact-go/handler/contact_http_json_impl.go:96.16,99.3 2 0
contact-go/handler/contact_http_json_impl.go:104.16,107.3 2 0
contact-go/handler/contact_http_json_impl.go:109.40,112.3 2 0
contact-go/handler/contact_http_json_impl.go:135.16,137.3 1 0
contact-go/handler/contact_http_json_impl.go:142.87,145.16 3 0
contact-go/handler/contact_http_json_impl.go:150.2,151.16 2 0
contact-go/handler/contact_http_json_impl.go:145.16,148.3 2 0
contact-go/handler/contact_http_json_impl.go:151.16,154.3 2 0
contact-go/db/client.go:22.40,26.2 1 0
contact-go/db/client.go:33.57,34.29 1 0
contact-go/db/client.go:39.2,40.16 2 0
contact-go/db/client.go:44.2,51.8 6 0
contact-go/db/client.go:34.29,37.3 1 0
contact-go/db/client.go:40.16,41.13 1 0
contact-go/handler/contact_impl.go:14.84,18.2 1 0
contact-go/handler/contact_impl.go:20.39,23.16 3 0
contact-go/handler/contact_impl.go:27.2,27.29 1 0
contact-go/handler/contact_impl.go:23.16,25.3 1 0
contact-go/handler/contact_impl.go:27.29,28.22 1 0
contact-go/handler/contact_impl.go:28.22,30.4 1 0
contact-go/handler/contact_impl.go:30.9,32.4 1 0
contact-go/handler/contact_impl.go:36.38,52.16 10 0
contact-go/handler/contact_impl.go:56.2,56.28 1 0
contact-go/handler/contact_impl.go:52.16,54.3 1 0
contact-go/handler/contact_impl.go:56.28,58.3 1 0
contact-go/handler/contact_impl.go:61.41,82.16 13 0
contact-go/handler/contact_impl.go:86.2,86.48 1 0
contact-go/handler/contact_impl.go:82.16,84.3 1 0
contact-go/handler/contact_impl.go:89.41,96.16 6 0
contact-go/handler/contact_impl.go:100.2,100.48 1 0
contact-go/handler/contact_impl.go:96.16,98.3 1 0
contact-go/config/db.go:29.26,49.2 3 1
contact-go/repository/contact_impl.go:11.42,13.2 1 0
contact-go/repository/contact_impl.go:15.61,18.20 2 0
contact-go/repository/contact_impl.go:27.2,27.8 1 0
contact-go/repository/contact_impl.go:18.20,20.3 1 0
contact-go/repository/contact_impl.go:20.8,21.26 1 0
contact-go/repository/contact_impl.go:21.26,22.26 1 0
contact-go/repository/contact_impl.go:22.26,24.5 1 0
contact-go/repository/contact_impl.go:30.90,31.39 1 0
contact-go/repository/contact_impl.go:38.2,38.56 1 0
contact-go/repository/contact_impl.go:31.39,32.17 1 0
contact-go/repository/contact_impl.go:32.17,36.4 3 0
contact-go/repository/contact_impl.go:41.57,43.2 1 0
contact-go/repository/contact_impl.go:45.93,47.16 2 0
contact-go/repository/contact_impl.go:51.2,51.24 1 0
contact-go/repository/contact_impl.go:61.2,61.8 1 0
contact-go/repository/contact_impl.go:47.16,49.3 1 0
contact-go/repository/contact_impl.go:51.24,60.3 3 0
contact-go/repository/contact_impl.go:64.78,66.16 2 0
contact-go/repository/contact_impl.go:70.2,70.20 1 0
contact-go/repository/contact_impl.go:74.2,74.22 1 0
contact-go/repository/contact_impl.go:78.2,84.8 2 0
contact-go/repository/contact_impl.go:66.16,68.3 1 0
contact-go/repository/contact_impl.go:70.20,72.3 1 0
contact-go/repository/contact_impl.go:74.22,76.3 1 0
contact-go/repository/contact_impl.go:87.52,89.16 2 0
contact-go/repository/contact_impl.go:93.2,95.8 3 0
contact-go/repository/contact_impl.go:89.16,91.3 1 0
contact-go/mocks/contact_http_impl_repository_mock.go:12.30,14.2 1 0
contact-go/mocks/contact_http_impl_repository_mock.go:16.63,21.2 4 0
contact-go/mocks/contact_http_impl_repository_mock.go:23.88,28.2 4 0
contact-go/mocks/contact_http_impl_repository_mock.go:30.73,33.23 3 0
contact-go/mocks/contact_http_impl_repository_mock.go:36.2,36.13 1 0
contact-go/mocks/contact_http_impl_repository_mock.go:33.23,35.3 1 0
contact-go/mocks/contact_http_impl_repository_mock.go:39.47,42.23 3 0
contact-go/mocks/contact_http_impl_repository_mock.go:45.2,45.13 1 0
contact-go/mocks/contact_http_impl_repository_mock.go:42.23,44.3 1 0
contact-go/mocks/contact_http_impl_usecase_mock.go:12.36,14.2 1 0
contact-go/mocks/contact_http_impl_usecase_mock.go:16.61,21.2 4 0
contact-go/mocks/contact_http_impl_usecase_mock.go:23.86,28.2 4 0
contact-go/mocks/contact_http_impl_usecase_mock.go:30.101,35.2 4 0
contact-go/mocks/contact_http_impl_usecase_mock.go:37.75,42.2 4 0
contact-go/handler/contact_http_db_impl.go:15.85,19.2 1 0
contact-go/handler/contact_http_db_impl.go:28.83,30.16 2 0
contact-go/handler/contact_http_db_impl.go:34.2,35.16 2 0
contact-go/handler/contact_http_db_impl.go:38.2,39.19 2 0
contact-go/handler/contact_http_db_impl.go:30.16,32.3 1 0
contact-go/handler/contact_http_db_impl.go:35.16,37.3 1 0
contact-go/handler/contact_http_db_impl.go:42.82,46.16 3 0
contact-go/handler/contact_http_db_impl.go:71.2,72.16 2 0
contact-go/handler/contact_http_db_impl.go:76.2,77.16 2 0
contact-go/handler/contact_http_db_impl.go:80.2,81.19 2 0
contact-go/handler/contact_http_db_impl.go:46.16,49.3 2 0
contact-go/handler/contact_http_db_impl.go:72.16,74.3 1 0
contact-go/handler/contact_http_db_impl.go:77.16,79.3 1 0
contact-go/handler/contact_http_db_impl.go:84.85,89.16 4 0
contact-go/handler/contact_http_db_impl.go:115.2,116.16 2 0
contact-go/handler/contact_http_db_impl.go:120.2,121.16 2 0
contact-go/handler/contact_http_db_impl.go:125.2,126.19 2 0
contact-go/handler/contact_http_db_impl.go:89.16,93.3 3 0
contact-go/handler/contact_http_db_impl.go:116.16,118.3 1 0
contact-go/handler/contact_http_db_impl.go:121.16,123.3 1 0
contact-go/handler/contact_http_db_impl.go:129.85,133.16 4 0
contact-go/handler/contact_http_db_impl.go:137.2,138.16 2 0
contact-go/handler/contact_http_db_impl.go:142.2,143.19 2 0
contact-go/handler/contact_http_db_impl.go:133.16,135.3 1 0
contact-go/handler/contact_http_db_impl.go:138.16,140.3 1 0
contact-go/main.go:15.13,17.16 2 0
contact-go/main.go:21.2,21.24 1 0
contact-go/main.go:17.16,18.13 1 0
contact-go/main.go:22.14,25.37 3 0
contact-go/main.go:26.15,31.38 5 0
contact-go/main.go:32.10,35.23 3 0
contact-go/main.go:39.96,41.74 2 0
contact-go/main.go:53.2,60.16 4 0
contact-go/main.go:41.74,42.33 1 0
contact-go/main.go:42.33,44.4 1 0
contact-go/main.go:44.9,44.41 1 0
contact-go/main.go:44.41,46.4 1 0
contact-go/main.go:46.9,46.42 1 0
contact-go/main.go:46.42,48.4 1 0
contact-go/main.go:48.9,48.43 1 0
contact-go/main.go:48.43,50.4 1 0
contact-go/main.go:60.16,61.21 1 0
contact-go/main.go:65.96,67.74 2 0
contact-go/main.go:79.2,86.16 4 0
contact-go/main.go:67.74,68.33 1 0
contact-go/main.go:68.33,70.4 1 0
contact-go/main.go:70.9,70.41 1 0
contact-go/main.go:70.41,72.4 1 0
contact-go/main.go:72.9,72.42 1 0
contact-go/main.go:72.42,74.4 1 0
contact-go/main.go:74.9,74.43 1 0
contact-go/main.go:74.43,76.4 1 0
contact-go/main.go:86.16,87.21 1 0
contact-go/main.go:92.59,104.16 10 0
contact-go/main.go:105.9,108.23 3 0
contact-go/main.go:109.9,113.23 4 0
contact-go/main.go:114.9,120.23 6 0
contact-go/main.go:121.9,127.23 6 0
contact-go/main.go:128.9,129.13 1 0
contact-go/config/config.go:15.36,20.16 3 0
contact-go/config/config.go:29.2,31.16 3 0
contact-go/config/config.go:35.2,35.21 1 0
contact-go/config/config.go:20.16,22.9 2 0
contact-go/config/config.go:25.3,25.60 1 0
contact-go/config/config.go:22.9,24.4 1 0
contact-go/config/config.go:31.16,33.3 1 0
contact-go/config/db.go:29.26,49.2 3 1
contact-go/db/client.go:22.40,26.2 1 0
contact-go/db/client.go:33.57,34.29 1 0
contact-go/db/client.go:39.2,40.16 2 0
contact-go/db/client.go:44.2,51.8 6 0
contact-go/db/client.go:34.29,37.3 1 0
contact-go/db/client.go:40.16,41.13 1 0
contact-go/handler/contact_http_db_impl.go:15.85,19.2 1 0
contact-go/handler/contact_http_db_impl.go:28.83,30.16 2 0
contact-go/handler/contact_http_db_impl.go:34.2,35.16 2 0
contact-go/handler/contact_http_db_impl.go:38.2,39.19 2 0
contact-go/handler/contact_http_db_impl.go:30.16,32.3 1 0
contact-go/handler/contact_http_db_impl.go:35.16,37.3 1 0
contact-go/handler/contact_http_db_impl.go:42.82,46.16 3 0
contact-go/handler/contact_http_db_impl.go:71.2,72.16 2 0
contact-go/handler/contact_http_db_impl.go:76.2,77.16 2 0
contact-go/handler/contact_http_db_impl.go:80.2,81.19 2 0
contact-go/handler/contact_http_db_impl.go:46.16,49.3 2 0
contact-go/handler/contact_http_db_impl.go:72.16,74.3 1 0
contact-go/handler/contact_http_db_impl.go:77.16,79.3 1 0
contact-go/handler/contact_http_db_impl.go:84.85,89.16 4 0
contact-go/handler/contact_http_db_impl.go:115.2,116.16 2 0
contact-go/handler/contact_http_db_impl.go:120.2,121.16 2 0
contact-go/handler/contact_http_db_impl.go:125.2,126.19 2 0
contact-go/handler/contact_http_db_impl.go:89.16,93.3 3 0
contact-go/handler/contact_http_db_impl.go:116.16,118.3 1 0
contact-go/handler/contact_http_db_impl.go:121.16,123.3 1 0
contact-go/handler/contact_http_db_impl.go:129.85,133.16 4 0
contact-go/handler/contact_http_db_impl.go:137.2,138.16 2 0
contact-go/handler/contact_http_db_impl.go:142.2,143.19 2 0
contact-go/handler/contact_http_db_impl.go:133.16,135.3 1 0
contact-go/handler/contact_http_db_impl.go:138.16,140.3 1 0
contact-go/handler/contact_impl.go:14.84,18.2 1 0
contact-go/handler/contact_impl.go:20.39,23.16 3 0
contact-go/handler/contact_impl.go:27.2,27.29 1 0
contact-go/handler/contact_impl.go:23.16,25.3 1 0
contact-go/handler/contact_impl.go:27.29,28.22 1 0
contact-go/handler/contact_impl.go:28.22,30.4 1 0
contact-go/handler/contact_impl.go:30.9,32.4 1 0
contact-go/handler/contact_impl.go:36.38,52.16 10 0
contact-go/handler/contact_impl.go:56.2,56.28 1 0
contact-go/handler/contact_impl.go:52.16,54.3 1 0
contact-go/handler/contact_impl.go:56.28,58.3 1 0
contact-go/handler/contact_impl.go:61.41,82.16 13 0
contact-go/handler/contact_impl.go:86.2,86.48 1 0
contact-go/handler/contact_impl.go:82.16,84.3 1 0
contact-go/handler/contact_impl.go:89.41,96.16 6 0
contact-go/handler/contact_impl.go:100.2,100.48 1 0
contact-go/handler/contact_impl.go:96.16,98.3 1 0
contact-go/helper/clearscreen.go:9.21,17.2 6 0
contact-go/mocks/contact_json_impl_repository_mock.go:12.38,14.2 1 0
contact-go/mocks/contact_json_impl_repository_mock.go:16.69,18.2 1 0
contact-go/mocks/contact_json_impl_repository_mock.go:20.67,24.2 3 0
contact-go/repository/contact_impl.go:11.42,13.2 1 0
contact-go/repository/contact_impl.go:15.61,18.20 2 0
contact-go/repository/contact_impl.go:27.2,27.8 1 0
contact-go/repository/contact_impl.go:18.20,20.3 1 0
contact-go/repository/contact_impl.go:20.8,21.26 1 0
contact-go/repository/contact_impl.go:21.26,22.26 1 0
contact-go/repository/contact_impl.go:22.26,24.5 1 0
contact-go/repository/contact_impl.go:30.90,31.39 1 0
contact-go/repository/contact_impl.go:38.2,38.56 1 0
contact-go/repository/contact_impl.go:31.39,32.17 1 0
contact-go/repository/contact_impl.go:32.17,36.4 3 0
contact-go/repository/contact_impl.go:41.57,43.2 1 0
contact-go/repository/contact_impl.go:45.93,47.16 2 0
contact-go/repository/contact_impl.go:51.2,51.24 1 0
contact-go/repository/contact_impl.go:61.2,61.8 1 0
contact-go/repository/contact_impl.go:47.16,49.3 1 0
contact-go/repository/contact_impl.go:51.24,60.3 3 0
contact-go/repository/contact_impl.go:64.78,66.16 2 0
contact-go/repository/contact_impl.go:70.2,70.20 1 0
contact-go/repository/contact_impl.go:74.2,74.22 1 0
contact-go/repository/contact_impl.go:78.2,84.8 2 0
contact-go/repository/contact_impl.go:66.16,68.3 1 0
contact-go/repository/contact_impl.go:70.20,72.3 1 0
contact-go/repository/contact_impl.go:74.22,76.3 1 0
contact-go/repository/contact_impl.go:87.52,89.16 2 0
contact-go/repository/contact_impl.go:93.2,95.8 3 0
contact-go/repository/contact_impl.go:89.16,91.3 1 0
contact-go/handler/contact_http_json_impl.go:16.105,20.2 1 0
contact-go/handler/contact_http_json_impl.go:29.85,31.16 2 0
contact-go/handler/contact_http_json_impl.go:35.2,36.16 2 0
contact-go/handler/contact_http_json_impl.go:39.2,40.19 2 0
contact-go/handler/contact_http_json_impl.go:31.16,33.3 1 0
contact-go/handler/contact_http_json_impl.go:36.16,38.3 1 0
contact-go/handler/contact_http_json_impl.go:43.84,47.16 3 0
contact-go/handler/contact_http_json_impl.go:52.2,52.24 1 0
contact-go/handler/contact_http_json_impl.go:79.2,80.16 2 0
contact-go/handler/contact_http_json_impl.go:84.2,85.16 2 0
contact-go/handler/contact_http_json_impl.go:89.2,90.19 2 0
contact-go/handler/contact_http_json_impl.go:47.16,50.3 2 0
contact-go/handler/contact_http_json_impl.go:52.24,53.37 1 0
contact-go/handler/contact_http_json_impl.go:53.37,56.4 2 0
contact-go/handler/contact_http_json_impl.go:80.16,82.3 1 0
contact-go/handler/contact_http_json_impl.go:85.16,86.13 1 0
contact-go/handler/contact_http_json_impl.go:93.87,96.16 3 0
contact-go/handler/contact_http_json_impl.go:102.2,104.16 3 0
contact-go/handler/contact_http_json_impl.go:109.2,109.40 1 0
contact-go/handler/contact_http_json_impl.go:134.2,135.16 2 0
contact-go/handler/contact_http_json_impl.go:139.2,139.30 1 0
contact-go/handler/contact_http_json_impl.go:96.16,99.3 2 0
contact-go/handler/contact_http_json_impl.go:104.16,107.3 2 0
contact-go/handler/contact_http_json_impl.go:109.40,112.3 2 0
contact-go/handler/contact_http_json_impl.go:135.16,137.3 1 0
contact-go/handler/contact_http_json_impl.go:142.87,145.16 3 0
contact-go/handler/contact_http_json_impl.go:150.2,151.16 2 0
contact-go/handler/contact_http_json_impl.go:145.16,148.3 2 0
contact-go/handler/contact_http_json_impl.go:151.16,154.3 2 0
contact-go/mocks/contact_http_impl_repository_mock.go:12.30,14.2 1 1
contact-go/mocks/contact_http_impl_repository_mock.go:16.63,21.2 4 1
contact-go/mocks/contact_http_impl_repository_mock.go:23.88,28.2 4 1
contact-go/mocks/contact_http_impl_repository_mock.go:30.73,33.23 3 1
contact-go/mocks/contact_http_impl_repository_mock.go:36.2,36.13 1 1
contact-go/mocks/contact_http_impl_repository_mock.go:33.23,35.3 1 0
contact-go/mocks/contact_http_impl_repository_mock.go:39.47,42.23 3 1
contact-go/mocks/contact_http_impl_repository_mock.go:45.2,45.13 1 1
contact-go/mocks/contact_http_impl_repository_mock.go:42.23,44.3 1 0
contact-go/usecase/contact_http_impl.go:15.69,19.2 1 1
contact-go/usecase/contact_http_impl.go:21.80,23.16 2 1
contact-go/usecase/contact_http_impl.go:30.2,30.13 1 1
contact-go/usecase/contact_http_impl.go:37.2,37.41 1 1
contact-go/usecase/contact_http_impl.go:23.16,29.3 1 0
contact-go/usecase/contact_http_impl.go:30.13,36.3 1 0
contact-go/usecase/contact_http_impl.go:40.100,41.16 1 1
contact-go/usecase/contact_http_impl.go:49.2,49.35 1 1
contact-go/usecase/contact_http_impl.go:56.2,56.37 1 1
contact-go/usecase/contact_http_impl.go:41.16,47.3 1 0
contact-go/usecase/contact_http_impl.go:49.35,55.3 1 0
contact-go/usecase/contact_http_impl.go:59.58,61.16 2 1
contact-go/usecase/contact_http_impl.go:68.2,72.8 1 1
contact-go/usecase/contact_http_impl.go:61.16,67.3 1 0
contact-go/usecase/contact_http_impl.go:75.83,76.24 1 1
contact-go/usecase/contact_http_impl.go:83.2,84.16 2 1
contact-go/usecase/contact_http_impl.go:91.2,95.8 1 1
contact-go/usecase/contact_http_impl.go:76.24,78.17 2 1
contact-go/usecase/contact_http_impl.go:78.17,80.4 1 0
contact-go/usecase/contact_http_impl.go:84.16,90.3 1 0
contact-go/usecase/contact_http_impl.go:98.98,100.16 2 1
contact-go/usecase/contact_http_impl.go:104.2,105.16 2 1
contact-go/usecase/contact_http_impl.go:109.2,110.16 2 1
contact-go/usecase/contact_http_impl.go:117.2,121.8 1 1
contact-go/usecase/contact_http_impl.go:100.16,102.3 1 0
contact-go/usecase/contact_http_impl.go:105.16,107.3 1 0
contact-go/usecase/contact_http_impl.go:110.16,116.3 1 0
contact-go/usecase/contact_http_impl.go:124.72,126.16 2 1
contact-go/usecase/contact_http_impl.go:130.2,131.16 2 1
contact-go/usecase/contact_http_impl.go:138.2,142.8 1 1
contact-go/usecase/contact_http_impl.go:126.16,128.3 1 0
contact-go/usecase/contact_http_impl.go:131.16,137.3 1 0
contact-go/repository/contact_http_db_impl.go:15.60,19.2 1 0
contact-go/repository/contact_http_db_impl.go:21.69,28.16 5 0
contact-go/repository/contact_http_db_impl.go:34.2,36.16 3 0
contact-go/repository/contact_http_db_impl.go:41.2,42.16 2 0
contact-go/repository/contact_http_db_impl.go:48.2,48.17 1 0
contact-go/repository/contact_http_db_impl.go:54.2,55.8 2 0
contact-go/repository/contact_http_db_impl.go:28.16,31.3 2 0
contact-go/repository/contact_http_db_impl.go:36.16,39.3 2 0
contact-go/repository/contact_http_db_impl.go:42.16,46.3 3 0
contact-go/repository/contact_http_db_impl.go:48.17,52.3 3 0
contact-go/repository/contact_http_db_impl.go:58.94,66.16 6 0
contact-go/repository/contact_http_db_impl.go:70.2,71.16 2 0
contact-go/repository/contact_http_db_impl.go:75.2,75.24 1 0
contact-go/repository/contact_http_db_impl.go:94.2,96.8 2 0
contact-go/repository/contact_http_db_impl.go:66.16,68.3 1 0
contact-go/repository/contact_http_db_impl.go:71.16,73.3 1 0
contact-go/repository/contact_http_db_impl.go:75.24,77.17 2 0
contact-go/repository/contact_http_db_impl.go:82.3,83.17 2 0
contact-go/repository/contact_http_db_impl.go:87.3,91.5 1 0
contact-go/repository/contact_http_db_impl.go:77.17,80.4 2 0
contact-go/repository/contact_http_db_impl.go:83.17,85.4 1 0
contact-go/repository/contact_http_db_impl.go:99.79,106.16 5 0
contact-go/repository/contact_http_db_impl.go:110.2,112.16 3 0
contact-go/repository/contact_http_db_impl.go:116.2,117.16 2 0
contact-go/repository/contact_http_db_impl.go:122.2,124.8 2 0
contact-go/repository/contact_http_db_impl.go:106.16,108.3 1 0
contact-go/repository/contact_http_db_impl.go:112.16,114.3 1 0
contact-go/repository/contact_http_db_impl.go:117.16,120.3 2 0
contact-go/repository/contact_http_db_impl.go:127.53,134.16 5 0
contact-go/repository/contact_http_db_impl.go:138.2,140.16 3 0
contact-go/repository/contact_http_db_impl.go:144.2,145.16 2 0
contact-go/repository/contact_http_db_impl.go:149.2,150.16 2 0
contact-go/repository/contact_http_db_impl.go:154.2,156.8 2 0
contact-go/repository/contact_http_db_impl.go:134.16,136.3 1 0
contact-go/repository/contact_http_db_impl.go:140.16,142.3 1 0
contact-go/repository/contact_http_db_impl.go:145.16,147.3 1 0
contact-go/repository/contact_http_db_impl.go:150.16,152.3 1 0
contact-go/repository/contact_http_json_impl.go:13.46,15.2 1 0
contact-go/repository/contact_http_json_impl.go:17.62,19.16 2 0
contact-go/repository/contact_http_json_impl.go:23.2,23.20 1 0
contact-go/repository/contact_http_json_impl.go:33.2,33.8 1 0
contact-go/repository/contact_http_json_impl.go:19.16,21.3 1 0
contact-go/repository/contact_http_json_impl.go:23.20,25.3 1 0
contact-go/repository/contact_http_json_impl.go:25.8,26.26 1 0
contact-go/repository/contact_http_json_impl.go:26.26,27.26 1 0
contact-go/repository/contact_http_json_impl.go:27.26,29.5 1 0
contact-go/repository/contact_http_json_impl.go:36.91,38.16 2 0
contact-go/repository/contact_http_json_impl.go:42.2,42.25 1 0
contact-go/repository/contact_http_json_impl.go:49.2,49.56 1 0
contact-go/repository/contact_http_json_impl.go:38.16,40.3 1 0
contact-go/repository/contact_http_json_impl.go:42.25,43.17 1 0
contact-go/repository/contact_http_json_impl.go:43.17,47.4 3 0
contact-go/repository/contact_http_json_impl.go:52.71,55.16 2 0
contact-go/repository/contact_http_json_impl.go:58.2,60.8 3 0
contact-go/repository/contact_http_json_impl.go:55.16,57.3 1 0
contact-go/repository/contact_http_json_impl.go:63.69,66.16 2 0
contact-go/repository/contact_http_json_impl.go:69.2,72.8 3 0
contact-go/repository/contact_http_json_impl.go:66.16,68.3 1 0
contact-go/repository/contact_http_json_impl.go:75.94,78.16 2 0
contact-go/repository/contact_http_json_impl.go:82.2,83.16 2 0
contact-go/repository/contact_http_json_impl.go:87.2,87.24 1 0
contact-go/repository/contact_http_json_impl.go:97.2,98.16 2 0
contact-go/repository/contact_http_json_impl.go:101.2,101.8 1 0
contact-go/repository/contact_http_json_impl.go:78.16,80.3 1 0
contact-go/repository/contact_http_json_impl.go:83.16,85.3 1 0
contact-go/repository/contact_http_json_impl.go:87.24,95.3 3 0
contact-go/repository/contact_http_json_impl.go:98.16,100.3 1 0
contact-go/repository/contact_http_json_impl.go:104.79,106.16 2 0
contact-go/repository/contact_http_json_impl.go:110.2,111.16 2 0
contact-go/repository/contact_http_json_impl.go:115.2,115.20 1 0
contact-go/repository/contact_http_json_impl.go:119.2,119.22 1 0
contact-go/repository/contact_http_json_impl.go:123.2,130.16 3 0
contact-go/repository/contact_http_json_impl.go:133.2,133.8 1 0
contact-go/repository/contact_http_json_impl.go:106.16,108.3 1 0
contact-go/repository/contact_http_json_impl.go:111.16,113.3 1 0
contact-go/repository/contact_http_json_impl.go:115.20,117.3 1 0
contact-go/repository/contact_http_json_impl.go:119.22,121.3 1 0
contact-go/repository/contact_http_json_impl.go:130.16,132.3 1 0
contact-go/repository/contact_http_json_impl.go:136.53,138.16 2 0
contact-go/repository/contact_http_json_impl.go:142.2,143.16 2 0
contact-go/repository/contact_http_json_impl.go:147.2,151.16 4 0
contact-go/repository/contact_http_json_impl.go:154.2,154.8 1 0
contact-go/repository/contact_http_json_impl.go:138.16,140.3 1 0
contact-go/repository/contact_http_json_impl.go:143.16,145.3 1 0
contact-go/repository/contact_http_json_impl.go:151.16,153.3 1 0
contact-go/mocks/contact_http_impl_usecase_mock.go:12.36,14.2 1 0
contact-go/mocks/contact_http_impl_usecase_mock.go:16.61,21.2 4 0
contact-go/mocks/contact_http_impl_usecase_mock.go:23.86,28.2 4 0
contact-go/mocks/contact_http_impl_usecase_mock.go:30.101,35.2 4 0
contact-go/mocks/contact_http_impl_usecase_mock.go:37.75,42.2 4 0
contact-go/config/config.go:15.36,20.16 3 0
contact-go/config/config.go:29.2,31.16 3 0
contact-go/config/config.go:35.2,35.21 1 0
contact-go/config/config.go:20.16,22.9 2 0
contact-go/config/config.go:25.3,25.60 1 0
contact-go/config/config.go:22.9,24.4 1 0
contact-go/config/config.go:31.16,33.3 1 0
contact-go/repository/contact_http_db_impl.go:15.60,19.2 1 1
contact-go/repository/contact_http_db_impl.go:21.69,28.16 5 1
contact-go/repository/contact_http_db_impl.go:34.2,36.16 3 1
contact-go/repository/contact_http_db_impl.go:41.2,42.16 2 1
contact-go/repository/contact_http_db_impl.go:48.2,48.17 1 1
contact-go/repository/contact_http_db_impl.go:54.2,55.8 2 1
contact-go/repository/contact_http_db_impl.go:28.16,31.3 2 0
contact-go/repository/contact_http_db_impl.go:36.16,39.3 2 0
contact-go/repository/contact_http_db_impl.go:42.16,46.3 3 0
contact-go/repository/contact_http_db_impl.go:48.17,52.3 3 1
contact-go/repository/contact_http_db_impl.go:58.94,66.16 6 1
contact-go/repository/contact_http_db_impl.go:70.2,71.16 2 1
contact-go/repository/contact_http_db_impl.go:75.2,75.24 1 1
contact-go/repository/contact_http_db_impl.go:94.2,96.8 2 1
contact-go/repository/contact_http_db_impl.go:66.16,68.3 1 0
contact-go/repository/contact_http_db_impl.go:71.16,73.3 1 0
contact-go/repository/contact_http_db_impl.go:75.24,77.17 2 1
contact-go/repository/contact_http_db_impl.go:82.3,83.17 2 1
contact-go/repository/contact_http_db_impl.go:87.3,91.5 1 1
contact-go/repository/contact_http_db_impl.go:77.17,80.4 2 0
contact-go/repository/contact_http_db_impl.go:83.17,85.4 1 0
contact-go/repository/contact_http_db_impl.go:99.79,106.16 5 1
contact-go/repository/contact_http_db_impl.go:110.2,112.16 3 1
contact-go/repository/contact_http_db_impl.go:116.2,117.16 2 1
contact-go/repository/contact_http_db_impl.go:122.2,124.8 2 1
contact-go/repository/contact_http_db_impl.go:106.16,108.3 1 0
contact-go/repository/contact_http_db_impl.go:112.16,114.3 1 0
contact-go/repository/contact_http_db_impl.go:117.16,120.3 2 0
contact-go/repository/contact_http_db_impl.go:127.53,134.16 5 1
contact-go/repository/contact_http_db_impl.go:138.2,140.16 3 1
contact-go/repository/contact_http_db_impl.go:144.2,145.16 2 1
contact-go/repository/contact_http_db_impl.go:149.2,150.16 2 1
contact-go/repository/contact_http_db_impl.go:154.2,156.8 2 1
contact-go/repository/contact_http_db_impl.go:134.16,136.3 1 0
contact-go/repository/contact_http_db_impl.go:140.16,142.3 1 0
contact-go/repository/contact_http_db_impl.go:145.16,147.3 1 0
contact-go/repository/contact_http_db_impl.go:150.16,152.3 1 0
contact-go/repository/contact_http_json_impl.go:13.46,15.2 1 0
contact-go/repository/contact_http_json_impl.go:17.62,19.16 2 0
contact-go/repository/contact_http_json_impl.go:23.2,23.20 1 0
contact-go/repository/contact_http_json_impl.go:33.2,33.8 1 0
contact-go/repository/contact_http_json_impl.go:19.16,21.3 1 0
contact-go/repository/contact_http_json_impl.go:23.20,25.3 1 0
contact-go/repository/contact_http_json_impl.go:25.8,26.26 1 0
contact-go/repository/contact_http_json_impl.go:26.26,27.26 1 0
contact-go/repository/contact_http_json_impl.go:27.26,29.5 1 0
contact-go/repository/contact_http_json_impl.go:36.91,38.16 2 0
contact-go/repository/contact_http_json_impl.go:42.2,42.25 1 0
contact-go/repository/contact_http_json_impl.go:49.2,49.56 1 0
contact-go/repository/contact_http_json_impl.go:38.16,40.3 1 0
contact-go/repository/contact_http_json_impl.go:42.25,43.17 1 0
contact-go/repository/contact_http_json_impl.go:43.17,47.4 3 0
contact-go/repository/contact_http_json_impl.go:52.71,55.16 2 0
contact-go/repository/contact_http_json_impl.go:58.2,60.8 3 0
contact-go/repository/contact_http_json_impl.go:55.16,57.3 1 0
contact-go/repository/contact_http_json_impl.go:63.69,66.16 2 0
contact-go/repository/contact_http_json_impl.go:69.2,72.8 3 0
contact-go/repository/contact_http_json_impl.go:66.16,68.3 1 0
contact-go/repository/contact_http_json_impl.go:75.94,78.16 2 0
contact-go/repository/contact_http_json_impl.go:82.2,83.16 2 0
contact-go/repository/contact_http_json_impl.go:87.2,87.24 1 0
contact-go/repository/contact_http_json_impl.go:97.2,98.16 2 0
contact-go/repository/contact_http_json_impl.go:101.2,101.8 1 0
contact-go/repository/contact_http_json_impl.go:78.16,80.3 1 0
contact-go/repository/contact_http_json_impl.go:83.16,85.3 1 0
contact-go/repository/contact_http_json_impl.go:87.24,95.3 3 0
contact-go/repository/contact_http_json_impl.go:98.16,100.3 1 0
contact-go/repository/contact_http_json_impl.go:104.79,106.16 2 0
contact-go/repository/contact_http_json_impl.go:110.2,111.16 2 0
contact-go/repository/contact_http_json_impl.go:115.2,115.20 1 0
contact-go/repository/contact_http_json_impl.go:119.2,119.22 1 0
contact-go/repository/contact_http_json_impl.go:123.2,130.16 3 0
contact-go/repository/contact_http_json_impl.go:133.2,133.8 1 0
contact-go/repository/contact_http_json_impl.go:106.16,108.3 1 0
contact-go/repository/contact_http_json_impl.go:111.16,113.3 1 0
contact-go/repository/contact_http_json_impl.go:115.20,117.3 1 0
contact-go/repository/contact_http_json_impl.go:119.22,121.3 1 0
contact-go/repository/contact_http_json_impl.go:130.16,132.3 1 0
contact-go/repository/contact_http_json_impl.go:136.53,138.16 2 0
contact-go/repository/contact_http_json_impl.go:142.2,143.16 2 0
contact-go/repository/contact_http_json_impl.go:147.2,151.16 4 0
contact-go/repository/contact_http_json_impl.go:154.2,154.8 1 0
contact-go/repository/contact_http_json_impl.go:138.16,140.3 1 0
contact-go/repository/contact_http_json_impl.go:143.16,145.3 1 0
contact-go/repository/contact_http_json_impl.go:151.16,153.3 1 0
contact-go/handler/contact_http_db_impl.go:15.85,19.2 1 0
contact-go/handler/contact_http_db_impl.go:28.83,30.16 2 0
contact-go/handler/contact_http_db_impl.go:34.2,35.16 2 0
contact-go/handler/contact_http_db_impl.go:38.2,39.19 2 0
contact-go/handler/contact_http_db_impl.go:30.16,32.3 1 0
contact-go/handler/contact_http_db_impl.go:35.16,37.3 1 0
contact-go/handler/contact_http_db_impl.go:42.82,46.16 3 0
contact-go/handler/contact_http_db_impl.go:71.2,72.16 2 0
contact-go/handler/contact_http_db_impl.go:76.2,77.16 2 0
contact-go/handler/contact_http_db_impl.go:80.2,81.19 2 0
contact-go/handler/contact_http_db_impl.go:46.16,49.3 2 0
contact-go/handler/contact_http_db_impl.go:72.16,74.3 1 0
contact-go/handler/contact_http_db_impl.go:77.16,79.3 1 0
contact-go/handler/contact_http_db_impl.go:84.85,89.16 4 0
contact-go/handler/contact_http_db_impl.go:115.2,116.16 2 0
contact-go/handler/contact_http_db_impl.go:120.2,121.16 2 0
contact-go/handler/contact_http_db_impl.go:125.2,126.19 2 0
contact-go/handler/contact_http_db_impl.go:89.16,93.3 3 0
contact-go/handler/contact_http_db_impl.go:116.16,118.3 1 0
contact-go/handler/contact_http_db_impl.go:121.16,123.3 1 0
contact-go/handler/contact_http_db_impl.go:129.85,133.16 4 0
contact-go/handler/contact_http_db_impl.go:137.2,138.16 2 0
contact-go/handler/contact_http_db_impl.go:142.2,143.19 2 0
contact-go/handler/contact_http_db_impl.go:133.16,135.3 1 0
contact-go/handler/contact_http_db_impl.go:138.16,140.3 1 0
contact-go/handler/contact_http_json_impl.go:16.105,20.2 1 0
contact-go/handler/contact_http_json_impl.go:29.85,31.16 2 0
contact-go/handler/contact_http_json_impl.go:35.2,36.16 2 0
contact-go/handler/contact_http_json_impl.go:39.2,40.19 2 0
contact-go/handler/contact_http_json_impl.go:31.16,33.3 1 0
contact-go/handler/contact_http_json_impl.go:36.16,38.3 1 0
contact-go/handler/contact_http_json_impl.go:43.84,47.16 3 0
contact-go/handler/contact_http_json_impl.go:52.2,52.24 1 0
contact-go/handler/contact_http_json_impl.go:79.2,80.16 2 0
contact-go/handler/contact_http_json_impl.go:84.2,85.16 2 0
contact-go/handler/contact_http_json_impl.go:89.2,90.19 2 0
contact-go/handler/contact_http_json_impl.go:47.16,50.3 2 0
contact-go/handler/contact_http_json_impl.go:52.24,53.37 1 0
contact-go/handler/contact_http_json_impl.go:53.37,56.4 2 0
contact-go/handler/contact_http_json_impl.go:80.16,82.3 1 0
contact-go/handler/contact_http_json_impl.go:85.16,86.13 1 0
contact-go/handler/contact_http_json_impl.go:93.87,96.16 3 0
contact-go/handler/contact_http_json_impl.go:102.2,104.16 3 0
contact-go/handler/contact_http_json_impl.go:109.2,109.40 1 0
contact-go/handler/contact_http_json_impl.go:134.2,135.16 2 0
contact-go/handler/contact_http_json_impl.go:139.2,139.30 1 0
contact-go/handler/contact_http_json_impl.go:96.16,99.3 2 0
contact-go/handler/contact_http_json_impl.go:104.16,107.3 2 0
contact-go/handler/contact_http_json_impl.go:109.40,112.3 2 0
contact-go/handler/contact_http_json_impl.go:135.16,137.3 1 0
contact-go/handler/contact_http_json_impl.go:142.87,145.16 3 0
contact-go/handler/contact_http_json_impl.go:150.2,151.16 2 0
contact-go/handler/contact_http_json_impl.go:145.16,148.3 2 0
contact-go/handler/contact_http_json_impl.go:151.16,154.3 2 0
contact-go/helper/clearscreen.go:9.21,17.2 6 0
contact-go/main.go:15.13,17.16 2 0
contact-go/main.go:21.2,21.24 1 0
contact-go/main.go:17.16,18.13 1 0
contact-go/main.go:22.14,25.37 3 0
contact-go/main.go:26.15,31.38 5 0
contact-go/main.go:32.10,35.23 3 0
contact-go/main.go:39.96,41.74 2 0
contact-go/main.go:53.2,60.16 4 0
contact-go/main.go:41.74,42.33 1 0
contact-go/main.go:42.33,44.4 1 0
contact-go/main.go:44.9,44.41 1 0
contact-go/main.go:44.41,46.4 1 0
contact-go/main.go:46.9,46.42 1 0
contact-go/main.go:46.42,48.4 1 0
contact-go/main.go:48.9,48.43 1 0
contact-go/main.go:48.43,50.4 1 0
contact-go/main.go:60.16,61.21 1 0
contact-go/main.go:65.96,67.74 2 0
contact-go/main.go:79.2,86.16 4 0
contact-go/main.go:67.74,68.33 1 0
contact-go/main.go:68.33,70.4 1 0
contact-go/main.go:70.9,70.41 1 0
contact-go/main.go:70.41,72.4 1 0
contact-go/main.go:72.9,72.42 1 0
contact-go/main.go:72.42,74.4 1 0
contact-go/main.go:74.9,74.43 1 0
contact-go/main.go:74.43,76.4 1 0
contact-go/main.go:86.16,87.21 1 0
contact-go/main.go:92.59,104.16 10 0
contact-go/main.go:105.9,108.23 3 0
contact-go/main.go:109.9,113.23 4 0
contact-go/main.go:114.9,120.23 6 0
contact-go/main.go:121.9,127.23 6 0
contact-go/main.go:128.9,129.13 1 0
contact-go/mocks/contact_json_impl_repository_mock.go:12.38,14.2 1 0
contact-go/mocks/contact_json_impl_repository_mock.go:16.69,18.2 1 0
contact-go/mocks/contact_json_impl_repository_mock.go:20.67,24.2 3 0
contact-go/handler/contact_impl.go:14.84,18.2 1 0
contact-go/handler/contact_impl.go:20.39,23.16 3 0
contact-go/handler/contact_impl.go:27.2,27.29 1 0
contact-go/handler/contact_impl.go:23.16,25.3 1 0
contact-go/handler/contact_impl.go:27.29,28.22 1 0
contact-go/handler/contact_impl.go:28.22,30.4 1 0
contact-go/handler/contact_impl.go:30.9,32.4 1 0
contact-go/handler/contact_impl.go:36.38,52.16 10 0
contact-go/handler/contact_impl.go:56.2,56.28 1 0
contact-go/handler/contact_impl.go:52.16,54.3 1 0
contact-go/handler/contact_impl.go:56.28,58.3 1 0
contact-go/handler/contact_impl.go:61.41,82.16 13 0
contact-go/handler/contact_impl.go:86.2,86.48 1 0
contact-go/handler/contact_impl.go:82.16,84.3 1 0
contact-go/handler/contact_impl.go:89.41,96.16 6 0
contact-go/handler/contact_impl.go:100.2,100.48 1 0
contact-go/handler/contact_impl.go:96.16,98.3 1 0
contact-go/mocks/contact_http_impl_usecase_mock.go:12.36,14.2 1 0
contact-go/mocks/contact_http_impl_usecase_mock.go:16.61,21.2 4 0
contact-go/mocks/contact_http_impl_usecase_mock.go:23.86,28.2 4 0
contact-go/mocks/contact_http_impl_usecase_mock.go:30.101,35.2 4 0
contact-go/mocks/contact_http_impl_usecase_mock.go:37.75,42.2 4 0
contact-go/config/db.go:29.26,49.2 3 1
contact-go/db/client.go:22.40,26.2 1 0
contact-go/db/client.go:33.57,34.29 1 0
contact-go/db/client.go:39.2,40.16 2 0
contact-go/db/client.go:44.2,51.8 6 0
contact-go/db/client.go:34.29,37.3 1 0
contact-go/db/client.go:40.16,41.13 1 0
contact-go/usecase/contact_http_impl.go:15.69,19.2 1 0
contact-go/usecase/contact_http_impl.go:21.80,23.16 2 0
contact-go/usecase/contact_http_impl.go:30.2,30.13 1 0
contact-go/usecase/contact_http_impl.go:37.2,37.41 1 0
contact-go/usecase/contact_http_impl.go:23.16,29.3 1 0
contact-go/usecase/contact_http_impl.go:30.13,36.3 1 0
contact-go/usecase/contact_http_impl.go:40.100,41.16 1 0
contact-go/usecase/contact_http_impl.go:49.2,49.35 1 0
contact-go/usecase/contact_http_impl.go:56.2,56.37 1 0
contact-go/usecase/contact_http_impl.go:41.16,47.3 1 0
contact-go/usecase/contact_http_impl.go:49.35,55.3 1 0
contact-go/usecase/contact_http_impl.go:59.58,61.16 2 0
contact-go/usecase/contact_http_impl.go:68.2,72.8 1 0
contact-go/usecase/contact_http_impl.go:61.16,67.3 1 0
contact-go/usecase/contact_http_impl.go:75.83,76.24 1 0
contact-go/usecase/contact_http_impl.go:83.2,84.16 2 0
contact-go/usecase/contact_http_impl.go:91.2,95.8 1 0
contact-go/usecase/contact_http_impl.go:76.24,78.17 2 0
contact-go/usecase/contact_http_impl.go:78.17,80.4 1 0
contact-go/usecase/contact_http_impl.go:84.16,90.3 1 0
contact-go/usecase/contact_http_impl.go:98.98,100.16 2 0
contact-go/usecase/contact_http_impl.go:104.2,105.16 2 0
contact-go/usecase/contact_http_impl.go:109.2,110.16 2 0
contact-go/usecase/contact_http_impl.go:117.2,121.8 1 0
contact-go/usecase/contact_http_impl.go:100.16,102.3 1 0
contact-go/usecase/contact_http_impl.go:105.16,107.3 1 0
contact-go/usecase/contact_http_impl.go:110.16,116.3 1 0
contact-go/usecase/contact_http_impl.go:124.72,126.16 2 0
contact-go/usecase/contact_http_impl.go:130.2,131.16 2 0
contact-go/usecase/contact_http_impl.go:138.2,142.8 1 0
contact-go/usecase/contact_http_impl.go:126.16,128.3 1 0
contact-go/usecase/contact_http_impl.go:131.16,137.3 1 0
contact-go/mocks/contact_http_impl_repository_mock.go:12.30,14.2 1 0
contact-go/mocks/contact_http_impl_repository_mock.go:16.63,21.2 4 0
contact-go/mocks/contact_http_impl_repository_mock.go:23.88,28.2 4 0
contact-go/mocks/contact_http_impl_repository_mock.go:30.73,33.23 3 0
contact-go/mocks/contact_http_impl_repository_mock.go:36.2,36.13 1 0
contact-go/mocks/contact_http_impl_repository_mock.go:33.23,35.3 1 0
contact-go/mocks/contact_http_impl_repository_mock.go:39.47,42.23 3 0
contact-go/mocks/contact_http_impl_repository_mock.go:45.2,45.13 1 0
contact-go/mocks/contact_http_impl_repository_mock.go:42.23,44.3 1 0
contact-go/repository/contact_impl.go:11.42,13.2 1 1
contact-go/repository/contact_impl.go:15.61,18.20 2 1
contact-go/repository/contact_impl.go:27.2,27.8 1 1
contact-go/repository/contact_impl.go:18.20,20.3 1 1
contact-go/repository/contact_impl.go:20.8,21.26 1 0
contact-go/repository/contact_impl.go:21.26,22.26 1 0
contact-go/repository/contact_impl.go:22.26,24.5 1 0
contact-go/repository/contact_impl.go:30.90,31.39 1 1
contact-go/repository/contact_impl.go:38.2,38.56 1 0
contact-go/repository/contact_impl.go:31.39,32.17 1 1
contact-go/repository/contact_impl.go:32.17,36.4 3 1
contact-go/repository/contact_impl.go:41.57,43.2 1 1
contact-go/repository/contact_impl.go:45.93,47.16 2 1
contact-go/repository/contact_impl.go:51.2,51.24 1 1
contact-go/repository/contact_impl.go:61.2,61.8 1 1
contact-go/repository/contact_impl.go:47.16,49.3 1 0
contact-go/repository/contact_impl.go:51.24,60.3 3 1
contact-go/repository/contact_impl.go:64.78,66.16 2 1
contact-go/repository/contact_impl.go:70.2,70.20 1 1
contact-go/repository/contact_impl.go:74.2,74.22 1 1
contact-go/repository/contact_impl.go:78.2,84.8 2 1
contact-go/repository/contact_impl.go:66.16,68.3 1 0
contact-go/repository/contact_impl.go:70.20,72.3 1 0
contact-go/repository/contact_impl.go:74.22,76.3 1 0
contact-go/repository/contact_impl.go:87.52,89.16 2 1
contact-go/repository/contact_impl.go:93.2,95.8 3 1
contact-go/repository/contact_impl.go:89.16,91.3 1 0
