mode: set
inventory/mocks/purchase_publisher.go:9.35,11.2 1 0
inventory/mocks/purchase_publisher.go:13.66,18.2 3 0
inventory/mocks/sales_publisher.go:9.28,11.2 1 0
inventory/mocks/sales_publisher.go:13.60,18.2 3 0
inventory/config/config.go:20.27,23.16 3 0
inventory/config/config.go:26.2,28.16 3 0
inventory/config/config.go:32.2,32.16 1 0
inventory/config/config.go:23.16,24.57 1 0
inventory/config/config.go:28.16,29.57 1 0
inventory/db/inventoryDb.go:10.31,15.16 3 0
inventory/db/inventoryDb.go:19.2,19.11 1 0
inventory/db/inventoryDb.go:15.16,16.13 1 0
inventory/publisher/purchase.go:16.30,18.2 1 0
inventory/publisher/purchase.go:24.56,50.16 12 0
inventory/publisher/purchase.go:54.2,67.12 4 0
inventory/publisher/purchase.go:50.16,52.3 1 0
inventory/controller/inventoryHttp_impl.go:19.157,25.2 1 0
inventory/controller/inventoryHttp_impl.go:27.60,31.19 2 0
inventory/controller/inventoryHttp_impl.go:31.19,33.3 1 0
inventory/controller/inventoryHttp_impl.go:33.8,35.3 1 0
inventory/controller/inventoryHttp_impl.go:40.57,45.2 3 0
inventory/controller/inventoryHttp_impl.go:48.59,59.2 6 0
inventory/controller/inventoryHttp_impl.go:61.60,68.2 4 0
inventory/controller/inventoryHttp_impl.go:71.56,82.2 6 0
inventory/controller/inventoryHttp_impl.go:84.57,91.2 4 0
inventory/mocks/sales_service.go:13.40,15.2 1 1
inventory/mocks/sales_service.go:17.87,22.2 4 1
inventory/mocks/sales_service.go:24.76,29.2 4 1
inventory/service/sales_impl.go:14.63,18.2 1 1
inventory/service/sales_impl.go:20.90,23.16 3 1
inventory/service/sales_impl.go:23.16,29.3 1 1
inventory/service/sales_impl.go:29.8,35.3 1 1
inventory/service/sales_impl.go:38.81,41.16 3 1
inventory/service/sales_impl.go:41.16,47.3 1 1
inventory/service/sales_impl.go:47.8,53.3 1 1
inventory/service/product_impl.go:14.71,18.2 1 1
inventory/service/product_impl.go:20.79,23.16 3 1
inventory/service/product_impl.go:23.16,29.3 1 1
inventory/service/product_impl.go:29.8,35.3 1 1
inventory/service/purchase_impl.go:14.75,18.2 1 1
inventory/service/purchase_impl.go:20.99,23.16 3 1
inventory/service/purchase_impl.go:23.16,29.3 1 1
inventory/service/purchase_impl.go:29.8,35.3 1 1
inventory/service/purchase_impl.go:38.87,41.16 3 1
inventory/service/purchase_impl.go:41.16,47.3 1 1
inventory/service/purchase_impl.go:47.8,53.3 1 1
inventory/helper/middleware/failerror.go:5.39,6.16 1 0
inventory/helper/middleware/failerror.go:6.16,8.3 1 0
inventory/repository/product/product_impl.go:15.59,19.2 1 0
inventory/repository/product/product_impl.go:21.71,30.24 5 0
inventory/repository/product/product_impl.go:34.2,34.25 1 0
inventory/repository/product/product_impl.go:30.24,32.3 1 0
inventory/helper/helper.go:9.18,11.26 2 0
inventory/helper/helper.go:16.2,16.28 1 0
inventory/helper/helper.go:22.2,23.8 2 0
inventory/helper/helper.go:11.26,15.3 3 0
inventory/helper/helper.go:16.28,20.3 3 0
inventory/helper/helper.go:23.8,25.3 1 0
inventory/helper/helper.go:25.8,26.74 1 0
inventory/helper/helper.go:30.22,32.2 0 0
inventory/mocks/random.go:9.30,11.2 1 0
inventory/mocks/random.go:13.42,17.2 3 0
inventory/mocks/purchase_service.go:13.46,15.2 1 1
inventory/mocks/purchase_service.go:17.99,22.2 4 1
inventory/mocks/purchase_service.go:24.85,29.2 4 1
inventory/helper/middleware/auth.go:9.34,10.30 1 0
inventory/helper/middleware/auth.go:10.30,12.45 1 0
inventory/helper/middleware/auth.go:12.45,14.4 1 0
inventory/helper/middleware/auth.go:14.9,17.4 2 0
inventory/helper/middleware/logger.go:10.32,11.30 1 0
inventory/helper/middleware/logger.go:11.30,34.3 5 0
inventory/repository/sales/sales_impl.go:21.121,27.2 1 0
inventory/repository/sales/sales_impl.go:29.89,35.24 4 0
inventory/repository/sales/sales_impl.go:49.2,56.25 4 0
inventory/repository/sales/sales_impl.go:81.2,81.20 1 0
inventory/repository/sales/sales_impl.go:85.2,85.21 1 0
inventory/repository/sales/sales_impl.go:35.24,36.19 1 0
inventory/repository/sales/sales_impl.go:39.3,46.31 2 0
inventory/repository/sales/sales_impl.go:36.19,37.12 1 0
inventory/repository/sales/sales_impl.go:56.25,79.3 4 0
inventory/repository/sales/sales_impl.go:81.20,83.3 1 0
inventory/repository/sales/sales_impl.go:88.78,102.18 10 0
inventory/repository/sales/sales_impl.go:106.2,124.26 4 0
inventory/repository/sales/sales_impl.go:102.18,104.3 1 0
inventory/helper/randomizer.go:15.26,17.2 1 0
inventory/helper/randomizer.go:19.38,27.19 5 0
inventory/helper/randomizer.go:30.2,31.13 2 0
inventory/helper/randomizer.go:27.19,29.3 1 0
inventory/publisher/sales.go:16.24,18.2 1 0
inventory/publisher/sales.go:24.50,50.16 12 0
inventory/publisher/sales.go:54.2,67.12 4 0
inventory/publisher/sales.go:50.16,52.3 1 0
inventory/repository/purchase/purchase_impl.go:21.130,27.2 1 0
inventory/repository/purchase/purchase_impl.go:29.101,35.24 4 0
inventory/repository/purchase/purchase_impl.go:49.2,56.25 4 0
inventory/repository/purchase/purchase_impl.go:78.2,78.21 1 0
inventory/repository/purchase/purchase_impl.go:35.24,36.19 1 0
inventory/repository/purchase/purchase_impl.go:39.3,46.31 2 0
inventory/repository/purchase/purchase_impl.go:36.19,37.12 1 0
inventory/repository/purchase/purchase_impl.go:56.25,75.3 4 0
inventory/repository/purchase/purchase_impl.go:81.87,95.18 10 0
inventory/repository/purchase/purchase_impl.go:99.2,117.26 4 0
inventory/repository/purchase/purchase_impl.go:95.18,97.3 1 0
inventory/main.go:17.13,35.2 12 0
inventory/main.go:37.60,56.2 11 0
inventory/mocks/product_service.go:13.44,15.2 1 1
inventory/mocks/product_service.go:17.66,22.2 4 1
inventory/service/purchase_impl.go:14.75,18.2 1 0
inventory/service/purchase_impl.go:20.99,23.16 3 0
inventory/service/purchase_impl.go:23.16,29.3 1 0
inventory/service/purchase_impl.go:29.8,35.3 1 0
inventory/service/purchase_impl.go:38.87,41.16 3 0
inventory/service/purchase_impl.go:41.16,47.3 1 0
inventory/service/purchase_impl.go:47.8,53.3 1 0
inventory/mocks/random.go:9.30,11.2 1 0
inventory/mocks/random.go:13.42,17.2 3 0
inventory/helper/middleware/auth.go:9.34,10.30 1 0
inventory/helper/middleware/auth.go:10.30,12.45 1 0
inventory/helper/middleware/auth.go:12.45,14.4 1 0
inventory/helper/middleware/auth.go:14.9,17.4 2 0
inventory/db/inventoryDb.go:10.31,15.16 3 0
inventory/db/inventoryDb.go:19.2,19.11 1 0
inventory/db/inventoryDb.go:15.16,16.13 1 0
inventory/helper/helper.go:9.18,11.26 2 0
inventory/helper/helper.go:16.2,16.28 1 0
inventory/helper/helper.go:22.2,23.8 2 0
inventory/helper/helper.go:11.26,15.3 3 0
inventory/helper/helper.go:16.28,20.3 3 0
inventory/helper/helper.go:23.8,25.3 1 0
inventory/helper/helper.go:25.8,26.74 1 0
inventory/helper/helper.go:30.22,32.2 0 0
inventory/helper/randomizer.go:15.26,17.2 1 0
inventory/helper/randomizer.go:19.38,27.19 5 0
inventory/helper/randomizer.go:30.2,31.13 2 0
inventory/helper/randomizer.go:27.19,29.3 1 0
inventory/config/config.go:20.27,23.16 3 0
inventory/config/config.go:26.2,28.16 3 0
inventory/config/config.go:32.2,32.16 1 0
inventory/config/config.go:23.16,24.57 1 0
inventory/config/config.go:28.16,29.57 1 0
inventory/repository/product/product_impl.go:15.59,19.2 1 1
inventory/repository/product/product_impl.go:21.71,30.24 5 1
inventory/repository/product/product_impl.go:34.2,34.25 1 1
inventory/repository/product/product_impl.go:30.24,32.3 1 1
inventory/service/sales_impl.go:14.63,18.2 1 0
inventory/service/sales_impl.go:20.90,23.16 3 0
inventory/service/sales_impl.go:23.16,29.3 1 0
inventory/service/sales_impl.go:29.8,35.3 1 0
inventory/service/sales_impl.go:38.81,41.16 3 0
inventory/service/sales_impl.go:41.16,47.3 1 0
inventory/service/sales_impl.go:47.8,53.3 1 0
inventory/controller/inventoryHttp_impl.go:19.157,25.2 1 0
inventory/controller/inventoryHttp_impl.go:27.60,31.19 2 0
inventory/controller/inventoryHttp_impl.go:31.19,33.3 1 0
inventory/controller/inventoryHttp_impl.go:33.8,35.3 1 0
inventory/controller/inventoryHttp_impl.go:40.57,45.2 3 0
inventory/controller/inventoryHttp_impl.go:48.59,59.2 6 0
inventory/controller/inventoryHttp_impl.go:61.60,68.2 4 0
inventory/controller/inventoryHttp_impl.go:71.56,82.2 6 0
inventory/controller/inventoryHttp_impl.go:84.57,91.2 4 0
inventory/mocks/product_service.go:13.44,15.2 1 0
inventory/mocks/product_service.go:17.66,22.2 4 0
inventory/mocks/purchase_publisher.go:9.35,11.2 1 0
inventory/mocks/purchase_publisher.go:13.66,18.2 3 0
inventory/mocks/purchase_service.go:13.46,15.2 1 0
inventory/mocks/purchase_service.go:17.99,22.2 4 0
inventory/mocks/purchase_service.go:24.85,29.2 4 0
inventory/publisher/purchase.go:16.30,18.2 1 0
inventory/publisher/purchase.go:24.56,50.16 12 0
inventory/publisher/purchase.go:54.2,67.12 4 0
inventory/publisher/purchase.go:50.16,52.3 1 0
inventory/publisher/sales.go:16.24,18.2 1 0
inventory/publisher/sales.go:24.50,50.16 12 0
inventory/publisher/sales.go:54.2,67.12 4 0
inventory/publisher/sales.go:50.16,52.3 1 0
inventory/mocks/sales_publisher.go:9.28,11.2 1 0
inventory/mocks/sales_publisher.go:13.60,18.2 3 0
inventory/mocks/sales_service.go:13.40,15.2 1 0
inventory/mocks/sales_service.go:17.87,22.2 4 0
inventory/mocks/sales_service.go:24.76,29.2 4 0
inventory/helper/middleware/logger.go:10.32,11.30 1 0
inventory/helper/middleware/logger.go:11.30,34.3 5 0
inventory/main.go:17.13,35.2 12 0
inventory/main.go:37.60,56.2 11 0
inventory/repository/sales/sales_impl.go:21.121,27.2 1 0
inventory/repository/sales/sales_impl.go:29.89,35.24 4 0
inventory/repository/sales/sales_impl.go:49.2,56.25 4 0
inventory/repository/sales/sales_impl.go:81.2,81.20 1 0
inventory/repository/sales/sales_impl.go:85.2,85.21 1 0
inventory/repository/sales/sales_impl.go:35.24,36.19 1 0
inventory/repository/sales/sales_impl.go:39.3,46.31 2 0
inventory/repository/sales/sales_impl.go:36.19,37.12 1 0
inventory/repository/sales/sales_impl.go:56.25,79.3 4 0
inventory/repository/sales/sales_impl.go:81.20,83.3 1 0
inventory/repository/sales/sales_impl.go:88.78,102.18 10 0
inventory/repository/sales/sales_impl.go:106.2,124.26 4 0
inventory/repository/sales/sales_impl.go:102.18,104.3 1 0
inventory/repository/purchase/purchase_impl.go:21.130,27.2 1 0
inventory/repository/purchase/purchase_impl.go:29.101,35.24 4 0
inventory/repository/purchase/purchase_impl.go:49.2,56.25 4 0
inventory/repository/purchase/purchase_impl.go:78.2,78.21 1 0
inventory/repository/purchase/purchase_impl.go:35.24,36.19 1 0
inventory/repository/purchase/purchase_impl.go:39.3,46.31 2 0
inventory/repository/purchase/purchase_impl.go:36.19,37.12 1 0
inventory/repository/purchase/purchase_impl.go:56.25,75.3 4 0
inventory/repository/purchase/purchase_impl.go:81.87,95.18 10 0
inventory/repository/purchase/purchase_impl.go:99.2,117.26 4 0
inventory/repository/purchase/purchase_impl.go:95.18,97.3 1 0
inventory/service/product_impl.go:14.71,18.2 1 0
inventory/service/product_impl.go:20.79,23.16 3 0
inventory/service/product_impl.go:23.16,29.3 1 0
inventory/service/product_impl.go:29.8,35.3 1 0
inventory/helper/middleware/failerror.go:5.39,6.16 1 1
inventory/helper/middleware/failerror.go:6.16,8.3 1 0
inventory/service/product_impl.go:14.71,18.2 1 0
inventory/service/product_impl.go:20.79,23.16 3 0
inventory/service/product_impl.go:23.16,29.3 1 0
inventory/service/product_impl.go:29.8,35.3 1 0
inventory/mocks/sales_service.go:13.40,15.2 1 0
inventory/mocks/sales_service.go:17.87,22.2 4 0
inventory/mocks/sales_service.go:24.76,29.2 4 0
inventory/mocks/random.go:9.30,11.2 1 1
inventory/mocks/random.go:13.42,17.2 3 1
inventory/helper/middleware/auth.go:9.34,10.30 1 0
inventory/helper/middleware/auth.go:10.30,12.45 1 0
inventory/helper/middleware/auth.go:12.45,14.4 1 0
inventory/helper/middleware/auth.go:14.9,17.4 2 0
inventory/controller/inventoryHttp_impl.go:19.157,25.2 1 0
inventory/controller/inventoryHttp_impl.go:27.60,31.19 2 0
inventory/controller/inventoryHttp_impl.go:31.19,33.3 1 0
inventory/controller/inventoryHttp_impl.go:33.8,35.3 1 0
inventory/controller/inventoryHttp_impl.go:40.57,45.2 3 0
inventory/controller/inventoryHttp_impl.go:48.59,59.2 6 0
inventory/controller/inventoryHttp_impl.go:61.60,68.2 4 0
inventory/controller/inventoryHttp_impl.go:71.56,82.2 6 0
inventory/controller/inventoryHttp_impl.go:84.57,91.2 4 0
inventory/main.go:17.13,35.2 12 0
inventory/main.go:37.60,56.2 11 0
inventory/mocks/purchase_publisher.go:9.35,11.2 1 1
inventory/mocks/purchase_publisher.go:13.66,18.2 3 1
inventory/service/purchase_impl.go:14.75,18.2 1 0
inventory/service/purchase_impl.go:20.99,23.16 3 0
inventory/service/purchase_impl.go:23.16,29.3 1 0
inventory/service/purchase_impl.go:29.8,35.3 1 0
inventory/service/purchase_impl.go:38.87,41.16 3 0
inventory/service/purchase_impl.go:41.16,47.3 1 0
inventory/service/purchase_impl.go:47.8,53.3 1 0
inventory/config/config.go:20.27,23.16 3 0
inventory/config/config.go:26.2,28.16 3 0
inventory/config/config.go:32.2,32.16 1 0
inventory/config/config.go:23.16,24.57 1 0
inventory/config/config.go:28.16,29.57 1 0
inventory/repository/purchase/purchase_impl.go:21.130,27.2 1 1
inventory/repository/purchase/purchase_impl.go:29.101,35.24 4 1
inventory/repository/purchase/purchase_impl.go:49.2,56.25 4 1
inventory/repository/purchase/purchase_impl.go:78.2,78.21 1 1
inventory/repository/purchase/purchase_impl.go:35.24,36.19 1 1
inventory/repository/purchase/purchase_impl.go:39.3,46.31 2 1
inventory/repository/purchase/purchase_impl.go:36.19,37.12 1 1
inventory/repository/purchase/purchase_impl.go:56.25,75.3 4 1
inventory/repository/purchase/purchase_impl.go:81.87,95.18 10 1
inventory/repository/purchase/purchase_impl.go:99.2,117.26 4 1
inventory/repository/purchase/purchase_impl.go:95.18,97.3 1 1
inventory/repository/product/product_impl.go:15.59,19.2 1 0
inventory/repository/product/product_impl.go:21.71,30.24 5 0
inventory/repository/product/product_impl.go:34.2,34.25 1 0
inventory/repository/product/product_impl.go:30.24,32.3 1 0
inventory/publisher/purchase.go:16.30,18.2 1 0
inventory/publisher/purchase.go:24.56,50.16 12 0
inventory/publisher/purchase.go:54.2,67.12 4 0
inventory/publisher/purchase.go:50.16,52.3 1 0
inventory/mocks/product_service.go:13.44,15.2 1 0
inventory/mocks/product_service.go:17.66,22.2 4 0
inventory/helper/middleware/failerror.go:5.39,6.16 1 1
inventory/helper/middleware/failerror.go:6.16,8.3 1 0
inventory/helper/middleware/logger.go:10.32,11.30 1 0
inventory/helper/middleware/logger.go:11.30,34.3 5 0
inventory/helper/helper.go:9.18,11.26 2 0
inventory/helper/helper.go:16.2,16.28 1 0
inventory/helper/helper.go:22.2,23.8 2 0
inventory/helper/helper.go:11.26,15.3 3 0
inventory/helper/helper.go:16.28,20.3 3 0
inventory/helper/helper.go:23.8,25.3 1 0
inventory/helper/helper.go:25.8,26.74 1 0
inventory/helper/helper.go:30.22,32.2 0 0
inventory/publisher/sales.go:16.24,18.2 1 0
inventory/publisher/sales.go:24.50,50.16 12 0
inventory/publisher/sales.go:54.2,67.12 4 0
inventory/publisher/sales.go:50.16,52.3 1 0
inventory/mocks/purchase_service.go:13.46,15.2 1 0
inventory/mocks/purchase_service.go:17.99,22.2 4 0
inventory/mocks/purchase_service.go:24.85,29.2 4 0
inventory/helper/randomizer.go:15.26,17.2 1 0
inventory/helper/randomizer.go:19.38,27.19 5 0
inventory/helper/randomizer.go:30.2,31.13 2 0
inventory/helper/randomizer.go:27.19,29.3 1 0
inventory/repository/sales/sales_impl.go:21.121,27.2 1 0
inventory/repository/sales/sales_impl.go:29.89,35.24 4 0
inventory/repository/sales/sales_impl.go:49.2,56.25 4 0
inventory/repository/sales/sales_impl.go:81.2,81.20 1 0
inventory/repository/sales/sales_impl.go:85.2,85.21 1 0
inventory/repository/sales/sales_impl.go:35.24,36.19 1 0
inventory/repository/sales/sales_impl.go:39.3,46.31 2 0
inventory/repository/sales/sales_impl.go:36.19,37.12 1 0
inventory/repository/sales/sales_impl.go:56.25,79.3 4 0
inventory/repository/sales/sales_impl.go:81.20,83.3 1 0
inventory/repository/sales/sales_impl.go:88.78,102.18 10 0
inventory/repository/sales/sales_impl.go:106.2,124.26 4 0
inventory/repository/sales/sales_impl.go:102.18,104.3 1 0
inventory/db/inventoryDb.go:10.31,15.16 3 0
inventory/db/inventoryDb.go:19.2,19.11 1 0
inventory/db/inventoryDb.go:15.16,16.13 1 0
inventory/mocks/sales_publisher.go:9.28,11.2 1 0
inventory/mocks/sales_publisher.go:13.60,18.2 3 0
inventory/service/sales_impl.go:14.63,18.2 1 0
inventory/service/sales_impl.go:20.90,23.16 3 0
inventory/service/sales_impl.go:23.16,29.3 1 0
inventory/service/sales_impl.go:29.8,35.3 1 0
inventory/service/sales_impl.go:38.81,41.16 3 0
inventory/service/sales_impl.go:41.16,47.3 1 0
inventory/service/sales_impl.go:47.8,53.3 1 0
inventory/helper/helper.go:9.18,11.26 2 0
inventory/helper/helper.go:16.2,16.28 1 0
inventory/helper/helper.go:22.2,23.8 2 0
inventory/helper/helper.go:11.26,15.3 3 0
inventory/helper/helper.go:16.28,20.3 3 0
inventory/helper/helper.go:23.8,25.3 1 0
inventory/helper/helper.go:25.8,26.74 1 0
inventory/helper/helper.go:30.22,32.2 0 0
inventory/main.go:17.13,35.2 12 0
inventory/main.go:37.60,56.2 11 0
inventory/helper/middleware/failerror.go:5.39,6.16 1 1
inventory/helper/middleware/failerror.go:6.16,8.3 1 0
inventory/mocks/sales_publisher.go:9.28,11.2 1 1
inventory/mocks/sales_publisher.go:13.60,18.2 3 1
inventory/mocks/sales_service.go:13.40,15.2 1 0
inventory/mocks/sales_service.go:17.87,22.2 4 0
inventory/mocks/sales_service.go:24.76,29.2 4 0
inventory/helper/middleware/auth.go:9.34,10.30 1 0
inventory/helper/middleware/auth.go:10.30,12.45 1 0
inventory/helper/middleware/auth.go:12.45,14.4 1 0
inventory/helper/middleware/auth.go:14.9,17.4 2 0
inventory/controller/inventoryHttp_impl.go:19.157,25.2 1 0
inventory/controller/inventoryHttp_impl.go:27.60,31.19 2 0
inventory/controller/inventoryHttp_impl.go:31.19,33.3 1 0
inventory/controller/inventoryHttp_impl.go:33.8,35.3 1 0
inventory/controller/inventoryHttp_impl.go:40.57,45.2 3 0
inventory/controller/inventoryHttp_impl.go:48.59,59.2 6 0
inventory/controller/inventoryHttp_impl.go:61.60,68.2 4 0
inventory/controller/inventoryHttp_impl.go:71.56,82.2 6 0
inventory/controller/inventoryHttp_impl.go:84.57,91.2 4 0
inventory/mocks/purchase_publisher.go:9.35,11.2 1 0
inventory/mocks/purchase_publisher.go:13.66,18.2 3 0
inventory/repository/sales/sales_impl.go:21.121,27.2 1 1
inventory/repository/sales/sales_impl.go:29.89,35.24 4 1
inventory/repository/sales/sales_impl.go:49.2,56.25 4 1
inventory/repository/sales/sales_impl.go:81.2,81.20 1 1
inventory/repository/sales/sales_impl.go:85.2,85.21 1 1
inventory/repository/sales/sales_impl.go:35.24,36.19 1 1
inventory/repository/sales/sales_impl.go:39.3,46.31 2 1
inventory/repository/sales/sales_impl.go:36.19,37.12 1 1
inventory/repository/sales/sales_impl.go:56.25,79.3 4 1
inventory/repository/sales/sales_impl.go:81.20,83.3 1 1
inventory/repository/sales/sales_impl.go:88.78,102.18 10 1
inventory/repository/sales/sales_impl.go:106.2,124.26 4 1
inventory/repository/sales/sales_impl.go:102.18,104.3 1 1
inventory/service/sales_impl.go:14.63,18.2 1 0
inventory/service/sales_impl.go:20.90,23.16 3 0
inventory/service/sales_impl.go:23.16,29.3 1 0
inventory/service/sales_impl.go:29.8,35.3 1 0
inventory/service/sales_impl.go:38.81,41.16 3 0
inventory/service/sales_impl.go:41.16,47.3 1 0
inventory/service/sales_impl.go:47.8,53.3 1 0
inventory/mocks/product_service.go:13.44,15.2 1 0
inventory/mocks/product_service.go:17.66,22.2 4 0
inventory/mocks/purchase_service.go:13.46,15.2 1 0
inventory/mocks/purchase_service.go:17.99,22.2 4 0
inventory/mocks/purchase_service.go:24.85,29.2 4 0
inventory/helper/randomizer.go:15.26,17.2 1 0
inventory/helper/randomizer.go:19.38,27.19 5 0
inventory/helper/randomizer.go:30.2,31.13 2 0
inventory/helper/randomizer.go:27.19,29.3 1 0
inventory/publisher/purchase.go:16.30,18.2 1 0
inventory/publisher/purchase.go:24.56,50.16 12 0
inventory/publisher/purchase.go:54.2,67.12 4 0
inventory/publisher/purchase.go:50.16,52.3 1 0
inventory/helper/middleware/logger.go:10.32,11.30 1 0
inventory/helper/middleware/logger.go:11.30,34.3 5 0
inventory/publisher/sales.go:16.24,18.2 1 0
inventory/publisher/sales.go:24.50,50.16 12 0
inventory/publisher/sales.go:54.2,67.12 4 0
inventory/publisher/sales.go:50.16,52.3 1 0
inventory/repository/purchase/purchase_impl.go:21.130,27.2 1 0
inventory/repository/purchase/purchase_impl.go:29.101,35.24 4 0
inventory/repository/purchase/purchase_impl.go:49.2,56.25 4 0
inventory/repository/purchase/purchase_impl.go:78.2,78.21 1 0
inventory/repository/purchase/purchase_impl.go:35.24,36.19 1 0
inventory/repository/purchase/purchase_impl.go:39.3,46.31 2 0
inventory/repository/purchase/purchase_impl.go:36.19,37.12 1 0
inventory/repository/purchase/purchase_impl.go:56.25,75.3 4 0
inventory/repository/purchase/purchase_impl.go:81.87,95.18 10 0
inventory/repository/purchase/purchase_impl.go:99.2,117.26 4 0
inventory/repository/purchase/purchase_impl.go:95.18,97.3 1 0
inventory/service/product_impl.go:14.71,18.2 1 0
inventory/service/product_impl.go:20.79,23.16 3 0
inventory/service/product_impl.go:23.16,29.3 1 0
inventory/service/product_impl.go:29.8,35.3 1 0
inventory/db/inventoryDb.go:10.31,15.16 3 0
inventory/db/inventoryDb.go:19.2,19.11 1 0
inventory/db/inventoryDb.go:15.16,16.13 1 0
inventory/config/config.go:20.27,23.16 3 0
inventory/config/config.go:26.2,28.16 3 0
inventory/config/config.go:32.2,32.16 1 0
inventory/config/config.go:23.16,24.57 1 0
inventory/config/config.go:28.16,29.57 1 0
inventory/mocks/random.go:9.30,11.2 1 1
inventory/mocks/random.go:13.42,17.2 3 1
inventory/repository/product/product_impl.go:15.59,19.2 1 0
inventory/repository/product/product_impl.go:21.71,30.24 5 0
inventory/repository/product/product_impl.go:34.2,34.25 1 0
inventory/repository/product/product_impl.go:30.24,32.3 1 0
inventory/service/purchase_impl.go:14.75,18.2 1 0
inventory/service/purchase_impl.go:20.99,23.16 3 0
inventory/service/purchase_impl.go:23.16,29.3 1 0
inventory/service/purchase_impl.go:29.8,35.3 1 0
inventory/service/purchase_impl.go:38.87,41.16 3 0
inventory/service/purchase_impl.go:41.16,47.3 1 0
inventory/service/purchase_impl.go:47.8,53.3 1 0
